[2023-01-27T20:21:02.862Z] Validating found git in: git
[2023-01-27T20:21:02.881Z] Using git 2.39.1 from git
[2023-01-27T20:21:02.897Z] > git rev-parse --show-toplevel [5ms]
[2023-01-27T20:21:02.911Z] > git rev-parse --git-dir --git-common-dir [4ms]
[2023-01-27T20:21:02.915Z] Open repository: /home/henrique
[2023-01-27T20:21:03.470Z] > git check-ignore -v -z --stdin [2ms]
[2023-01-27T20:21:03.490Z] > git status -z -uall [554ms]
[2023-01-27T20:21:03.544Z] > git fetch [620ms]
[2023-01-27T20:21:05.129Z] > git check-ignore -v -z --stdin [1ms]
[2023-01-27T20:21:06.058Z] > git show --textconv :Programing/Arbeit/HUGO/school-blog/archetypes/default.md [24ms]
[2023-01-27T20:21:06.058Z] > git ls-files --stage -- /home/henrique/Programing/Arbeit/HUGO/school-blog/archetypes/default.md [8ms]
[2023-01-27T20:21:09.763Z] > git check-ignore -v -z --stdin [1ms]
[2023-01-27T20:21:10.366Z] > git show --textconv :Programing/Arbeit/HUGO/school-blog/content/page/about.md [12ms]
[2023-01-27T20:21:10.367Z] > git ls-files --stage -- /home/henrique/Programing/Arbeit/HUGO/school-blog/content/page/about.md [2ms]
[2023-01-27T20:21:16.909Z] > git symbolic-ref --short HEAD [2ms]
[2023-01-27T20:21:16.922Z] > git for-each-ref --format=%(refname)%00%(upstream:short)%00%(objectname)%00%(upstream:track)%00%(upstream:remotename)%00%(upstream:remoteref) refs/heads/main refs/remotes/main [1ms]
[2023-01-27T20:21:16.943Z] > git remote --verbose [4ms]
[2023-01-27T20:21:16.944Z] > git for-each-ref --sort -committerdate --format %(refname) %(objectname) %(*objectname) [13ms]
[2023-01-27T20:21:18.366Z] > git config --get commit.template [1285ms]
[2023-01-27T20:21:18.395Z] > git rev-parse --show-toplevel [2ms]
[2023-01-27T20:21:18.395Z] fatal: not a git repository: /home/henrique/.config/mpv/script_modules/mpvSockets/../../../../.git/modules/.config/mpv/script_modules/mpvSockets
[2023-01-27T20:21:18.406Z] > git rev-parse --show-toplevel [1ms]
[2023-01-27T20:21:18.420Z] > git rev-parse --git-dir --git-common-dir [1ms]
[2023-01-27T20:21:18.422Z] Open repository: /home/henrique/themes/hugo-theme-cleanwhite
[2023-01-27T20:21:18.452Z] > git rev-parse --show-toplevel [1ms]
[2023-01-27T20:21:18.462Z] > git rev-parse --git-dir --git-common-dir [1ms]
[2023-01-27T20:21:18.464Z] Open repository: /home/henrique/Programing/Personal/Testes/hugo-clean-1/themes/hugo-theme-cleanwhite
[2023-01-27T20:21:18.485Z] > git status -z -uall [43ms]
[2023-01-27T20:21:18.495Z] > git symbolic-ref --short HEAD [1ms]
[2023-01-27T20:21:18.506Z] > git for-each-ref --format=%(refname)%00%(upstream:short)%00%(objectname)%00%(upstream:track)%00%(upstream:remotename)%00%(upstream:remoteref) refs/heads/master refs/remotes/master [1ms]
[2023-01-27T20:21:18.526Z] > git status -z -uall [42ms]
[2023-01-27T20:21:18.537Z] > git remote --verbose [13ms]
[2023-01-27T20:21:18.538Z] > git for-each-ref --sort -committerdate --format %(refname) %(objectname) %(*objectname) [23ms]
[2023-01-27T20:21:18.564Z] > git symbolic-ref --short HEAD [28ms]
[2023-01-27T20:21:18.582Z] > git config --get commit.template [20ms]
[2023-01-27T20:21:18.583Z] > git for-each-ref --format=%(refname)%00%(upstream:short)%00%(objectname)%00%(upstream:track)%00%(upstream:remotename)%00%(upstream:remoteref) refs/heads/master refs/remotes/master [2ms]
[2023-01-27T20:21:18.609Z] > git for-each-ref --sort -committerdate --format %(refname) %(objectname) %(*objectname) [13ms]
[2023-01-27T20:21:18.610Z] > git remote --verbose [3ms]
[2023-01-27T20:21:18.627Z] > git config --get commit.template [2ms]
[2023-01-27T20:21:18.974Z] > git fetch [543ms]
[2023-01-27T20:21:19.014Z] > git status -z -uall [28ms]
[2023-01-27T20:21:19.045Z] > git status -z -uall [668ms]
[2023-01-27T20:21:19.046Z] > git symbolic-ref --short HEAD [19ms]
[2023-01-27T20:21:19.058Z] > git symbolic-ref --short HEAD [14ms]
[2023-01-27T20:21:19.071Z] > git for-each-ref --format=%(refname)%00%(upstream:short)%00%(objectname)%00%(upstream:track)%00%(upstream:remotename)%00%(upstream:remoteref) refs/heads/master refs/remotes/master [14ms]
[2023-01-27T20:21:19.097Z] > git for-each-ref --sort -committerdate --format %(refname) %(objectname) %(*objectname) [14ms]
[2023-01-27T20:21:19.097Z] > git for-each-ref --format=%(refname)%00%(upstream:short)%00%(objectname)%00%(upstream:track)%00%(upstream:remotename)%00%(upstream:remoteref) refs/heads/main refs/remotes/main [27ms]
[2023-01-27T20:21:19.120Z] > git remote --verbose [1ms]
[2023-01-27T20:21:19.121Z] > git for-each-ref --sort -committerdate --format %(refname) %(objectname) %(*objectname) [12ms]
[2023-01-27T20:21:19.121Z] > git remote --verbose [26ms]
[2023-01-27T20:21:19.210Z] > git config --get commit.template [79ms]
[2023-01-27T20:21:19.221Z] > git config --get commit.template [3ms]
[2023-01-27T20:21:21.680Z] > git fetch [3207ms]
[2023-01-27T20:21:21.715Z] > git status -z -uall [25ms]
[2023-01-27T20:21:21.723Z] > git check-ignore -v -z --stdin [23ms]
[2023-01-27T20:21:21.724Z] > git rev-parse --show-toplevel [14ms]
[2023-01-27T20:21:21.724Z] fatal: not a git repository: /home/henrique/.config/mpv/script_modules/mpvSockets/../../../../.git/modules/.config/mpv/script_modules/mpvSockets
[2023-01-27T20:21:21.725Z] > git symbolic-ref --short HEAD [2ms]
[2023-01-27T20:21:21.735Z] > git for-each-ref --format=%(refname)%00%(upstream:short)%00%(objectname)%00%(upstream:track)%00%(upstream:remotename)%00%(upstream:remoteref) refs/heads/master refs/remotes/master [1ms]
[2023-01-27T20:21:21.755Z] > git remote --verbose [1ms]
[2023-01-27T20:21:21.755Z] > git for-each-ref --sort -committerdate --format %(refname) %(objectname) %(*objectname) [10ms]
[2023-01-27T20:21:21.767Z] > git config --get commit.template [1ms]
[2023-01-27T20:21:24.166Z] > git status -z -uall [24ms]
[2023-01-27T20:21:24.184Z] > git symbolic-ref --short HEAD [1ms]
[2023-01-27T20:21:24.201Z] > git for-each-ref --format=%(refname)%00%(upstream:short)%00%(objectname)%00%(upstream:track)%00%(upstream:remotename)%00%(upstream:remoteref) refs/heads/master refs/remotes/master [2ms]
[2023-01-27T20:21:24.232Z] > git for-each-ref --sort -committerdate --format %(refname) %(objectname) %(*objectname) [16ms]
[2023-01-27T20:21:24.232Z] > git remote --verbose [2ms]
[2023-01-27T20:21:24.250Z] > git config --get commit.template [1ms]
[2023-01-27T20:32:22.721Z] > git fetch [642ms]
[2023-01-27T20:32:22.733Z] > git fetch [631ms]
[2023-01-27T20:32:22.754Z] > git fetch [662ms]
[2023-01-27T20:32:22.764Z] > git status -z -uall [31ms]
[2023-01-27T20:32:22.773Z] > git status -z -uall [31ms]
[2023-01-27T20:32:22.782Z] > git symbolic-ref --short HEAD [9ms]
[2023-01-27T20:32:22.791Z] > git symbolic-ref --short HEAD [11ms]
[2023-01-27T20:32:22.800Z] > git for-each-ref --format=%(refname)%00%(upstream:short)%00%(objectname)%00%(upstream:track)%00%(upstream:remotename)%00%(upstream:remoteref) refs/heads/master refs/remotes/master [9ms]
[2023-01-27T20:32:22.824Z] > git for-each-ref --sort -committerdate --format %(refname) %(objectname) %(*objectname) [14ms]
[2023-01-27T20:32:22.825Z] > git for-each-ref --format=%(refname)%00%(upstream:short)%00%(objectname)%00%(upstream:track)%00%(upstream:remotename)%00%(upstream:remoteref) refs/heads/master refs/remotes/master [26ms]
[2023-01-27T20:32:22.848Z] > git for-each-ref --sort -committerdate --format %(refname) %(objectname) %(*objectname) [9ms]
[2023-01-27T20:32:22.848Z] > git remote --verbose [27ms]
[2023-01-27T20:32:22.859Z] > git remote --verbose [12ms]
[2023-01-27T20:32:22.870Z] > git config --get commit.template [11ms]
[2023-01-27T20:32:22.872Z] > git config --get commit.template [4ms]
[2023-01-27T20:32:23.460Z] > git status -z -uall [697ms]
[2023-01-27T20:32:23.460Z] > git symbolic-ref --short HEAD [2ms]
[2023-01-27T20:32:23.470Z] > git for-each-ref --format=%(refname)%00%(upstream:short)%00%(objectname)%00%(upstream:track)%00%(upstream:remotename)%00%(upstream:remoteref) refs/heads/main refs/remotes/main [1ms]
[2023-01-27T20:32:23.488Z] > git for-each-ref --sort -committerdate --format %(refname) %(objectname) %(*objectname) [10ms]
[2023-01-27T20:32:23.488Z] > git remote --verbose [2ms]
[2023-01-27T20:32:23.580Z] > git config --get commit.template [4ms]
[2023-01-27T20:32:25.997Z] > git rev-parse --show-toplevel [24ms]
[2023-01-27T20:32:25.997Z] fatal: not a git repository: /home/henrique/.config/mpv/script_modules/mpvSockets/../../../../.git/modules/.config/mpv/script_modules/mpvSockets
[2023-01-27T20:32:42.951Z] > git status -z -uall [28ms]
[2023-01-27T20:32:42.965Z] > git symbolic-ref --short HEAD [2ms]
[2023-01-27T20:32:42.975Z] > git status -z -uall [35ms]
[2023-01-27T20:32:43.009Z] > git for-each-ref --format=%(refname)%00%(upstream:short)%00%(objectname)%00%(upstream:track)%00%(upstream:remotename)%00%(upstream:remoteref) refs/heads/master refs/remotes/master [34ms]
[2023-01-27T20:32:43.041Z] > git remote --verbose [2ms]
[2023-01-27T20:32:43.041Z] > git for-each-ref --sort -committerdate --format %(refname) %(objectname) %(*objectname) [18ms]
[2023-01-27T20:32:43.043Z] > git ls-files --stage -- /home/henrique/Programing/Arbeit/HUGO/school-blog/content/page/about.md [35ms]
[2023-01-27T20:32:43.044Z] > git symbolic-ref --short HEAD [53ms]
[2023-01-27T20:32:43.082Z] > git for-each-ref --format=%(refname)%00%(upstream:short)%00%(objectname)%00%(upstream:track)%00%(upstream:remotename)%00%(upstream:remoteref) refs/heads/master refs/remotes/master [22ms]
[2023-01-27T20:32:43.108Z] > git show --textconv :Programing/Arbeit/HUGO/school-blog/content/page/about.md [26ms]
[2023-01-27T20:32:43.108Z] > git for-each-ref --sort -committerdate --format %(refname) %(objectname) %(*objectname) [13ms]
[2023-01-27T20:32:43.109Z] > git config --get commit.template [36ms]
[2023-01-27T20:32:43.111Z] > git remote --verbose [4ms]
[2023-01-27T20:32:43.123Z] > git config --get commit.template [1ms]
