[2023-01-27T16:51:27.997Z] Validating found git in: git
[2023-01-27T16:51:28.012Z] Using git 2.39.1 from git
[2023-01-27T16:51:28.020Z] > git rev-parse --show-toplevel [2ms]
[2023-01-27T16:51:28.030Z] > git rev-parse --git-dir --git-common-dir [4ms]
[2023-01-27T16:51:28.034Z] Open repository: /home/henrique/Programing/Personal/Testes/lukesmithxyz
[2023-01-27T16:51:28.050Z] > git status -z -uall [6ms]
[2023-01-27T16:51:28.058Z] > git symbolic-ref --short HEAD [3ms]
[2023-01-27T16:51:28.064Z] > git for-each-ref --format=%(refname)%00%(upstream:short)%00%(objectname)%00%(upstream:track)%00%(upstream:remotename)%00%(upstream:remoteref) refs/heads/main refs/remotes/main [2ms]
[2023-01-27T16:51:28.075Z] > git remote --verbose [2ms]
[2023-01-27T16:51:28.075Z] > git for-each-ref --sort -committerdate --format %(refname) %(objectname) %(*objectname) [5ms]
[2023-01-27T16:51:28.084Z] > git config --get commit.template [2ms]
[2023-01-27T16:51:28.564Z] > git check-ignore -v -z --stdin [1ms]
[2023-01-27T16:51:28.705Z] > git fetch [666ms]
[2023-01-27T16:51:28.715Z] > git status -z -uall [6ms]
[2023-01-27T16:51:28.721Z] > git symbolic-ref --short HEAD [1ms]
[2023-01-27T16:51:28.725Z] > git for-each-ref --format=%(refname)%00%(upstream:short)%00%(objectname)%00%(upstream:track)%00%(upstream:remotename)%00%(upstream:remoteref) refs/heads/main refs/remotes/main [1ms]
[2023-01-27T16:51:28.735Z] > git remote --verbose [1ms]
[2023-01-27T16:51:28.735Z] > git for-each-ref --sort -committerdate --format %(refname) %(objectname) %(*objectname) [5ms]
[2023-01-27T16:51:28.742Z] > git config --get commit.template [1ms]
[2023-01-27T16:51:29.777Z] > git status -z -uall [6ms]
[2023-01-27T16:51:29.782Z] > git symbolic-ref --short HEAD [1ms]
[2023-01-27T16:51:29.787Z] > git for-each-ref --format=%(refname)%00%(upstream:short)%00%(objectname)%00%(upstream:track)%00%(upstream:remotename)%00%(upstream:remoteref) refs/heads/main refs/remotes/main [1ms]
[2023-01-27T16:51:29.797Z] > git for-each-ref --sort -committerdate --format %(refname) %(objectname) %(*objectname) [6ms]
[2023-01-27T16:51:29.798Z] > git remote --verbose [2ms]
[2023-01-27T16:51:29.804Z] > git config --get commit.template [1ms]
[2023-01-27T16:51:30.977Z] > git check-ignore -v -z --stdin [0ms]
[2023-01-27T16:51:33.869Z] > git check-ignore -v -z --stdin [1ms]
[2023-01-27T16:51:35.649Z] > git check-ignore -v -z --stdin [2ms]
[2023-01-27T16:51:58.894Z] > git show --textconv :src/styles/home/_rss-info.scss [9ms]
[2023-01-27T16:51:58.894Z] > git ls-files --stage -- /home/henrique/Programing/Personal/Testes/lukesmithxyz/src/styles/home/_rss-info.scss [1ms]
[2023-01-27T16:51:58.903Z] > git cat-file -s 4adb6a0b2bf993178098b54a4b9dd26a2fde9411 [2ms]
[2023-01-27T16:51:59.356Z] > git check-ignore -v -z --stdin [2ms]
[2023-01-27T16:51:59.915Z] > git check-ignore -v -z --stdin [0ms]
[2023-01-27T16:52:00.896Z] > git check-ignore -v -z --stdin [0ms]
[2023-01-27T16:52:01.865Z] > git show --textconv :src/styles/common/_base.scss [11ms]
[2023-01-27T16:52:01.865Z] > git ls-files --stage -- /home/henrique/Programing/Personal/Testes/lukesmithxyz/src/styles/common/_base.scss [1ms]
[2023-01-27T16:52:01.873Z] > git cat-file -s f49321f3750a43fedac7a02f60b8424bd0448c81 [1ms]
[2023-01-27T16:52:04.197Z] > git show --textconv :src/styles/common/_btn.scss [9ms]
[2023-01-27T16:52:04.198Z] > git ls-files --stage -- /home/henrique/Programing/Personal/Testes/lukesmithxyz/src/styles/common/_btn.scss [2ms]
[2023-01-27T16:52:04.204Z] > git cat-file -s 38655fa9e67faf188b5ec834e8a733a1960a972b [1ms]
[2023-01-27T16:52:05.384Z] > git show --textconv :src/styles/common/_footer.scss [7ms]
[2023-01-27T16:52:05.385Z] > git ls-files --stage -- /home/henrique/Programing/Personal/Testes/lukesmithxyz/src/styles/common/_footer.scss [1ms]
[2023-01-27T16:52:05.396Z] > git cat-file -s c93dfe68c98c8a79f2ead297f48dd6c6c1710979 [2ms]
[2023-01-27T16:52:07.420Z] > git show --textconv :src/styles/common/_modifiers.scss [9ms]
[2023-01-27T16:52:07.421Z] > git ls-files --stage -- /home/henrique/Programing/Personal/Testes/lukesmithxyz/src/styles/common/_modifiers.scss [1ms]
[2023-01-27T16:52:07.430Z] > git cat-file -s 85c46dc07702a0db5e73d3541b2b9cfc40606682 [1ms]
[2023-01-27T16:52:08.329Z] > git show --textconv :src/styles/common/_nav.scss [8ms]
[2023-01-27T16:52:08.329Z] > git ls-files --stage -- /home/henrique/Programing/Personal/Testes/lukesmithxyz/src/styles/common/_nav.scss [1ms]
[2023-01-27T16:52:08.336Z] > git cat-file -s 45ac5fc4f00c11c8bafaf88afc0494da1def97a7 [1ms]
[2023-01-27T16:52:09.118Z] > git show --textconv :src/styles/common/_toast.scss [8ms]
[2023-01-27T16:52:09.119Z] > git ls-files --stage -- /home/henrique/Programing/Personal/Testes/lukesmithxyz/src/styles/common/_toast.scss [1ms]
[2023-01-27T16:52:09.128Z] > git cat-file -s 90b160d75202e2b434f1e1fb5212cd419e9f2910 [1ms]
[2023-01-27T16:52:13.452Z] > git show --textconv :yarn.lock [7ms]
[2023-01-27T16:52:13.453Z] > git ls-files --stage -- /home/henrique/Programing/Personal/Testes/lukesmithxyz/yarn.lock [2ms]
[2023-01-27T16:52:13.459Z] > git cat-file -s 0a83428789ff9c284a329c0c38283d6254fc0301 [1ms]
[2023-01-27T16:52:15.070Z] > git show --textconv :README.md [56ms]
[2023-01-27T16:52:15.071Z] > git ls-files --stage -- /home/henrique/Programing/Personal/Testes/lukesmithxyz/README.md [49ms]
[2023-01-27T16:52:15.083Z] > git cat-file -s 0d0124d12ada2bd2a0c4604568a511f95ad76277 [7ms]
[2023-01-27T16:52:22.927Z] > git show --textconv :package.json [12ms]
[2023-01-27T16:52:22.928Z] > git ls-files --stage -- /home/henrique/Programing/Personal/Testes/lukesmithxyz/package.json [2ms]
[2023-01-27T16:52:22.936Z] > git cat-file -s 549f27ec08aadebbe13e251ab5531e6df0ca54af [1ms]
[2023-01-27T16:52:31.770Z] > git show --textconv :package-lock.json [11ms]
[2023-01-27T16:52:31.770Z] > git ls-files --stage -- /home/henrique/Programing/Personal/Testes/lukesmithxyz/package-lock.json [1ms]
[2023-01-27T16:52:31.782Z] > git cat-file -s 44c7b64dc5273c9a4d13890e665ec3024664612f [2ms]
[2023-01-27T16:52:41.096Z] > git show --textconv :.gitignore [8ms]
[2023-01-27T16:52:41.097Z] > git ls-files --stage -- /home/henrique/Programing/Personal/Testes/lukesmithxyz/.gitignore [1ms]
[2023-01-27T16:52:41.111Z] > git cat-file -s 04c01ba7ba0830ccdc49fce1c7257114ed81e68b [6ms]
[2023-01-27T16:52:42.923Z] > git show --textconv :static/index.html [8ms]
[2023-01-27T16:52:42.923Z] > git ls-files --stage -- /home/henrique/Programing/Personal/Testes/lukesmithxyz/static/index.html [1ms]
[2023-01-27T16:52:42.932Z] > git cat-file -s f7a3ab0c69deb625f1395b039d3ba4df44f8526c [1ms]
[2023-01-27T16:52:45.508Z] > git show --textconv :static/donate.html [12ms]
[2023-01-27T16:52:45.509Z] > git ls-files --stage -- /home/henrique/Programing/Personal/Testes/lukesmithxyz/static/donate.html [2ms]
[2023-01-27T16:52:45.516Z] > git cat-file -s abe79db3695cf55b7e9f51bac4bfc3767229cc6b [0ms]
[2023-01-27T16:52:46.257Z] > git show --textconv :static/blog.html [11ms]
[2023-01-27T16:52:46.258Z] > git ls-files --stage -- /home/henrique/Programing/Personal/Testes/lukesmithxyz/static/blog.html [3ms]
[2023-01-27T16:52:46.273Z] > git cat-file -s ad6c6ea5474f913e8cc4422600e966b179d58c39 [4ms]
[2023-01-27T16:52:47.280Z] > git show --textconv :static/404.html [11ms]
[2023-01-27T16:52:47.280Z] > git ls-files --stage -- /home/henrique/Programing/Personal/Testes/lukesmithxyz/static/404.html [1ms]
[2023-01-27T16:52:47.292Z] > git cat-file -s 26adad6fd50fc70a3054347bd061c57e3e95d193 [4ms]
[2023-01-27T16:52:50.502Z] > git check-ignore -v -z --stdin [1ms]
[2023-01-27T16:52:51.140Z] > git show --textconv :src/js/clipboard.js [12ms]
[2023-01-27T16:52:51.141Z] > git ls-files --stage -- /home/henrique/Programing/Personal/Testes/lukesmithxyz/src/js/clipboard.js [1ms]
[2023-01-27T16:52:51.149Z] > git cat-file -s 7b2326d6f984de42b9a460fdb94bac1840ee624b [1ms]
[2023-01-27T16:53:00.839Z] > git check-ignore -v -z --stdin [0ms]
[2023-01-27T16:53:01.433Z] > git show --textconv :src/styles/404/_404.scss [8ms]
[2023-01-27T16:53:01.433Z] > git ls-files --stage -- /home/henrique/Programing/Personal/Testes/lukesmithxyz/src/styles/404/_404.scss [1ms]
[2023-01-27T16:53:01.443Z] > git cat-file -s 3b746dd18c771c39dd2599bc5c41575963e580bf [1ms]
[2023-01-27T16:53:02.890Z] > git show --textconv :src/js/clipboard.js [9ms]
[2023-01-27T16:53:02.891Z] > git ls-files --stage -- /home/henrique/Programing/Personal/Testes/lukesmithxyz/src/js/clipboard.js [2ms]
[2023-01-27T16:53:02.902Z] > git cat-file -s 7b2326d6f984de42b9a460fdb94bac1840ee624b [1ms]
[2023-01-27T16:53:06.842Z] > git check-ignore -v -z --stdin [0ms]
[2023-01-27T16:53:15.294Z] > git check-ignore -v -z --stdin [0ms]
[2023-01-27T16:53:16.287Z] > git show --textconv :assets/bat.svg [7ms]
[2023-01-27T16:53:16.288Z] > git ls-files --stage -- /home/henrique/Programing/Personal/Testes/lukesmithxyz/assets/bat.svg [1ms]
[2023-01-27T16:53:16.294Z] > git cat-file -s 2154658f32b4de4d2400a717c44c68b1a5a9f200 [1ms]
