[2023-01-27 16:37:37.313] [renderer3] [warning] Via 'product.json#extensionEnabledApiProposals' extension 'ms-vsliveshare.vsliveshare' wants API proposal 'notebookDocumentEvents' but that proposal DOES NOT EXIST. Likely, the proposal has been finalized (check 'vscode.d.ts') or was abandoned.
[2023-01-27 16:37:37.340] [renderer3] [warning] Via 'product.json#extensionEnabledApiProposals' extension 'ms-dotnettools.dotnet-interactive-vscode' wants API proposal 'notebookConcatTextDocument' but that proposal DOES NOT EXIST. Likely, the proposal has been finalized (check 'vscode.d.ts') or was abandoned.
[2023-01-27 16:37:37.340] [renderer3] [warning] Via 'product.json#extensionEnabledApiProposals' extension 'ms-python.vscode-pylance' wants API proposal 'notebookDocumentEvents' but that proposal DOES NOT EXIST. Likely, the proposal has been finalized (check 'vscode.d.ts') or was abandoned.
[2023-01-27 16:37:37.340] [renderer3] [warning] Via 'product.json#extensionEnabledApiProposals' extension 'ms-toolsai.jupyter' wants API proposal 'notebookConcatTextDocument' but that proposal DOES NOT EXIST. Likely, the proposal has been finalized (check 'vscode.d.ts') or was abandoned.
[2023-01-27 16:37:37.341] [renderer3] [warning] Via 'product.json#extensionEnabledApiProposals' extension 'ms-toolsai.jupyter' wants API proposal 'notebookDocumentEvents' but that proposal DOES NOT EXIST. Likely, the proposal has been finalized (check 'vscode.d.ts') or was abandoned.
[2023-01-27 16:37:37.341] [renderer3] [warning] Via 'product.json#extensionEnabledApiProposals' extension 'dbaeumer.vscode-eslint' wants API proposal 'tabs' but that proposal DOES NOT EXIST. Likely, the proposal has been finalized (check 'vscode.d.ts') or was abandoned.
[2023-01-27 16:37:37.341] [renderer3] [warning] Via 'product.json#extensionEnabledApiProposals' extension 'dbaeumer.vscode-eslint' wants API proposal 'notebookDocumentEvents' but that proposal DOES NOT EXIST. Likely, the proposal has been finalized (check 'vscode.d.ts') or was abandoned.
[2023-01-27 16:37:37.984] [renderer3] [warning] [Vue.volar]: Cannot register 'typescript.tsdk'. This property is already registered.
[2023-01-27 16:37:40.342] [renderer3] [error] Cannot read properties of undefined (reading 'installAndRestartMessage'): TypeError: Cannot read properties of undefined (reading 'installAndRestartMessage')
    at vscode-file://vscode-app/usr/share/mrcode/resources/app/out/vs/workbench/workbench.desktop.main.js:1976:59163
[2023-01-27 16:37:58.249] [renderer3] [warning] Via 'product.json#extensionEnabledApiProposals' extension 'ms-vsliveshare.vsliveshare' wants API proposal 'notebookDocumentEvents' but that proposal DOES NOT EXIST. Likely, the proposal has been finalized (check 'vscode.d.ts') or was abandoned.
[2023-01-27 16:37:58.275] [renderer3] [warning] Via 'product.json#extensionEnabledApiProposals' extension 'ms-dotnettools.dotnet-interactive-vscode' wants API proposal 'notebookConcatTextDocument' but that proposal DOES NOT EXIST. Likely, the proposal has been finalized (check 'vscode.d.ts') or was abandoned.
[2023-01-27 16:37:58.276] [renderer3] [warning] Via 'product.json#extensionEnabledApiProposals' extension 'ms-python.vscode-pylance' wants API proposal 'notebookDocumentEvents' but that proposal DOES NOT EXIST. Likely, the proposal has been finalized (check 'vscode.d.ts') or was abandoned.
[2023-01-27 16:37:58.276] [renderer3] [warning] Via 'product.json#extensionEnabledApiProposals' extension 'ms-toolsai.jupyter' wants API proposal 'notebookConcatTextDocument' but that proposal DOES NOT EXIST. Likely, the proposal has been finalized (check 'vscode.d.ts') or was abandoned.
[2023-01-27 16:37:58.276] [renderer3] [warning] Via 'product.json#extensionEnabledApiProposals' extension 'ms-toolsai.jupyter' wants API proposal 'notebookDocumentEvents' but that proposal DOES NOT EXIST. Likely, the proposal has been finalized (check 'vscode.d.ts') or was abandoned.
[2023-01-27 16:37:58.277] [renderer3] [warning] Via 'product.json#extensionEnabledApiProposals' extension 'dbaeumer.vscode-eslint' wants API proposal 'tabs' but that proposal DOES NOT EXIST. Likely, the proposal has been finalized (check 'vscode.d.ts') or was abandoned.
[2023-01-27 16:37:58.277] [renderer3] [warning] Via 'product.json#extensionEnabledApiProposals' extension 'dbaeumer.vscode-eslint' wants API proposal 'notebookDocumentEvents' but that proposal DOES NOT EXIST. Likely, the proposal has been finalized (check 'vscode.d.ts') or was abandoned.
[2023-01-27 16:37:58.742] [renderer3] [warning] [Vue.volar]: Cannot register 'typescript.tsdk'. This property is already registered.
[2023-01-27 16:38:01.323] [renderer3] [error] Cannot read properties of undefined (reading 'installAndRestartMessage'): TypeError: Cannot read properties of undefined (reading 'installAndRestartMessage')
    at vscode-file://vscode-app/usr/share/mrcode/resources/app/out/vs/workbench/workbench.desktop.main.js:1976:59163
