[2023-01-23T00:51:04.575Z] Validating found git in: git
[2023-01-23T00:51:04.596Z] Using git 2.39.1 from git
[2023-01-23T00:51:04.649Z] > git rev-parse --show-toplevel [44ms]
[2023-01-23T00:51:04.661Z] > git rev-parse --git-dir --git-common-dir [1ms]
[2023-01-23T00:51:04.665Z] Open repository: /home/henrique/Programing/Personal/Git/fork/hugo-starter-netlify-cms
[2023-01-23T00:51:05.227Z] > git check-ignore -v -z --stdin [5ms]
[2023-01-23T00:51:05.522Z] > git status -z -uall [839ms]
[2023-01-23T00:51:05.532Z] > git symbolic-ref --short HEAD [1ms]
[2023-01-23T00:51:05.542Z] > git for-each-ref --format=%(refname)%00%(upstream:short)%00%(objectname)%00%(upstream:track)%00%(upstream:remotename)%00%(upstream:remoteref) refs/heads/main refs/remotes/main [1ms]
[2023-01-23T00:51:05.561Z] > git remote --verbose [2ms]
[2023-01-23T00:51:05.596Z] > git for-each-ref --sort -committerdate --format %(refname) %(objectname) %(*objectname) [45ms]
[2023-01-23T00:51:05.620Z] > git config --get commit.template [10ms]
[2023-01-23T00:51:06.191Z] > git fetch [1516ms]
[2023-01-23T00:51:06.201Z] > git status -z -uall [3ms]
[2023-01-23T00:51:06.210Z] > git symbolic-ref --short HEAD [1ms]
[2023-01-23T00:51:06.219Z] > git for-each-ref --format=%(refname)%00%(upstream:short)%00%(objectname)%00%(upstream:track)%00%(upstream:remotename)%00%(upstream:remoteref) refs/heads/main refs/remotes/main [2ms]
[2023-01-23T00:51:06.233Z] > git remote --verbose [1ms]
[2023-01-23T00:51:06.234Z] > git for-each-ref --sort -committerdate --format %(refname) %(objectname) %(*objectname) [9ms]
[2023-01-23T00:51:06.243Z] > git config --get commit.template [2ms]
[2023-01-23T00:51:09.431Z] > git show --textconv HEAD:.hugo_build.lock [49ms]
[2023-01-23T00:51:09.431Z] > git ls-tree -l HEAD -- /home/henrique/Programing/Personal/Git/fork/hugo-starter-netlify-cms/.hugo_build.lock [37ms]
[2023-01-23T00:51:31.853Z] > git show --textconv :.vscode/launch.json [10ms]
[2023-01-23T00:51:31.854Z] > git ls-files --stage -- /home/henrique/Programing/Personal/Git/fork/hugo-starter-netlify-cms/.vscode/launch.json [3ms]
[2023-01-23T00:51:31.864Z] > git cat-file -s 207df7f6820505f8b211d9c6e465271652802e60 [1ms]
[2023-01-23T00:51:32.021Z] > git check-ignore -v -z --stdin [1ms]
[2023-01-23T00:52:55.127Z] > git show --textconv :.hugo_build.lock [10ms]
[2023-01-23T00:52:55.129Z] > git ls-files --stage -- /home/henrique/Programing/Personal/Git/fork/hugo-starter-netlify-cms/.hugo_build.lock [3ms]
[2023-01-23T00:52:59.680Z] > git show --textconv :config.toml [10ms]
[2023-01-23T00:52:59.681Z] > git ls-files --stage -- /home/henrique/Programing/Personal/Git/fork/hugo-starter-netlify-cms/config.toml [2ms]
[2023-01-23T00:52:59.693Z] > git cat-file -s 731f4ed6539423f733960dfa9877365c977c449e [2ms]
[2023-01-23T00:53:25.318Z] > git show --textconv :netlify.toml [12ms]
[2023-01-23T00:53:25.319Z] > git ls-files --stage -- /home/henrique/Programing/Personal/Git/fork/hugo-starter-netlify-cms/netlify.toml [3ms]
[2023-01-23T00:53:25.328Z] > git cat-file -s 36c1bb5319cbb617cb7486aabe3aace7cba46d88 [1ms]
[2023-01-23T00:53:26.268Z] > git show --textconv :config.toml [10ms]
[2023-01-23T00:53:26.269Z] > git ls-files --stage -- /home/henrique/Programing/Personal/Git/fork/hugo-starter-netlify-cms/config.toml [2ms]
[2023-01-23T00:53:26.280Z] > git cat-file -s 731f4ed6539423f733960dfa9877365c977c449e [2ms]
[2023-01-23T00:53:40.821Z] > git log --format=%H%n%aN%n%aE%n%at%n%ct%n%P%n%B -z -n21 -- /home/henrique/Programing/Personal/Git/fork/hugo-starter-netlify-cms/config.toml [20ms]
[2023-01-23T00:54:05.772Z] > git log --format=%H%n%aN%n%aE%n%at%n%ct%n%P%n%B -z -n21 -- /home/henrique/Programing/Personal/Git/fork/hugo-starter-netlify-cms/.gitignore [3ms]
[2023-01-23T00:54:05.949Z] > git show --textconv :.gitignore [8ms]
[2023-01-23T00:54:05.954Z] > git ls-files --stage -- /home/henrique/Programing/Personal/Git/fork/hugo-starter-netlify-cms/.gitignore [6ms]
[2023-01-23T00:54:05.962Z] > git cat-file -s 364fdec1aa19d3a1f8d926d500c0beffe5674be8 [1ms]
[2023-01-23T00:54:06.784Z] > git fetch [531ms]
[2023-01-23T00:54:06.795Z] > git status -z -uall [2ms]
[2023-01-23T00:54:06.804Z] > git symbolic-ref --short HEAD [1ms]
[2023-01-23T00:54:06.814Z] > git for-each-ref --format=%(refname)%00%(upstream:short)%00%(objectname)%00%(upstream:track)%00%(upstream:remotename)%00%(upstream:remoteref) refs/heads/main refs/remotes/main [1ms]
[2023-01-23T00:54:06.836Z] > git remote --verbose [3ms]
[2023-01-23T00:54:06.837Z] > git for-each-ref --sort -committerdate --format %(refname) %(objectname) %(*objectname) [12ms]
[2023-01-23T00:54:06.865Z] > git rev-list --count 9dbbead597b2c6ce18222b0c7eddc0621e7bc8d5.. -- /home/henrique/Programing/Personal/Git/fork/hugo-starter-netlify-cms/.gitignore [13ms]
[2023-01-23T00:54:06.878Z] > git config --get commit.template [15ms]
[2023-01-23T00:54:06.880Z] > git log --format=%H%n%aN%n%aE%n%at%n%ct%n%P%n%B -z -n2 -- /home/henrique/Programing/Personal/Git/fork/hugo-starter-netlify-cms/.gitignore [3ms]
[2023-01-23T00:54:07.356Z] > git rev-list --count 9dbbead597b2c6ce18222b0c7eddc0621e7bc8d5.. -- /home/henrique/Programing/Personal/Git/fork/hugo-starter-netlify-cms/.gitignore [2ms]
[2023-01-23T00:54:07.367Z] > git log --format=%H%n%aN%n%aE%n%at%n%ct%n%P%n%B -z -n2 -- /home/henrique/Programing/Personal/Git/fork/hugo-starter-netlify-cms/.gitignore [1ms]
[2023-01-23T00:54:07.953Z] > git ls-files --stage -- /home/henrique/Programing/Personal/Git/fork/hugo-starter-netlify-cms/.gitignore [1ms]
[2023-01-23T00:54:07.964Z] > git cat-file -s 364fdec1aa19d3a1f8d926d500c0beffe5674be8 [1ms]
[2023-01-23T00:54:07.980Z] > git show --textconv :.gitignore [1ms]
[2023-01-23T00:54:08.145Z] > git check-ignore -v -z --stdin [1ms]
[2023-01-23T00:54:08.775Z] > git check-ignore -v -z --stdin [1ms]
[2023-01-23T00:54:08.953Z] > git status -z -uall [2ms]
[2023-01-23T00:54:08.967Z] > git symbolic-ref --short HEAD [3ms]
[2023-01-23T00:54:08.981Z] > git for-each-ref --format=%(refname)%00%(upstream:short)%00%(objectname)%00%(upstream:track)%00%(upstream:remotename)%00%(upstream:remoteref) refs/heads/main refs/remotes/main [1ms]
[2023-01-23T00:54:09.002Z] > git remote --verbose [1ms]
[2023-01-23T00:54:09.002Z] > git for-each-ref --sort -committerdate --format %(refname) %(objectname) %(*objectname) [9ms]
[2023-01-23T00:54:09.014Z] > git config --get commit.template [1ms]
[2023-01-23T00:54:09.043Z] > git log --format=%H%n%aN%n%aE%n%at%n%ct%n%P%n%B -z -n21 -- /home/henrique/Programing/Personal/Git/fork/hugo-starter-netlify-cms/static/admin/config.yml [3ms]
[2023-01-23T00:54:09.343Z] > git show --textconv :static/admin/config.yml [8ms]
[2023-01-23T00:54:09.344Z] > git ls-files --stage -- /home/henrique/Programing/Personal/Git/fork/hugo-starter-netlify-cms/static/admin/config.yml [2ms]
[2023-01-23T00:54:09.353Z] > git cat-file -s 07a3332dce616d261621205e6314dbb2e79d1379 [1ms]
[2023-01-23T00:54:09.528Z] > git rev-list --count 044e6bad7258c1e77e9ae302f8b57d83e9dcfce3.. -- /home/henrique/Programing/Personal/Git/fork/hugo-starter-netlify-cms/static/admin/config.yml [2ms]
[2023-01-23T00:54:09.541Z] > git log --format=%H%n%aN%n%aE%n%at%n%ct%n%P%n%B -z -n6 -- /home/henrique/Programing/Personal/Git/fork/hugo-starter-netlify-cms/static/admin/config.yml [3ms]
[2023-01-23T00:54:17.202Z] > git check-ignore -v -z --stdin [1ms]
[2023-01-23T00:54:17.822Z] > git log --format=%H%n%aN%n%aE%n%at%n%ct%n%P%n%B -z -n21 -- /home/henrique/Programing/Personal/Git/fork/hugo-starter-netlify-cms/static/css/style.css [2ms]
[2023-01-23T00:54:18.015Z] > git show --textconv :static/css/style.css [12ms]
[2023-01-23T00:54:18.016Z] > git ls-files --stage -- /home/henrique/Programing/Personal/Git/fork/hugo-starter-netlify-cms/static/css/style.css [1ms]
[2023-01-23T00:54:18.031Z] > git cat-file -s 7c2c5c41ddc5fab9edaea855b080b264007bd7be [2ms]
[2023-01-23T00:54:29.442Z] > git log --format=%H%n%aN%n%aE%n%at%n%ct%n%P%n%B -z -n21 -- /home/henrique/Programing/Personal/Git/fork/hugo-starter-netlify-cms/static/admin/index.html [3ms]
[2023-01-23T00:54:29.686Z] > git show --textconv :static/admin/index.html [19ms]
[2023-01-23T00:54:29.688Z] > git ls-files --stage -- /home/henrique/Programing/Personal/Git/fork/hugo-starter-netlify-cms/static/admin/index.html [4ms]
[2023-01-23T00:54:29.701Z] > git cat-file -s 09f1b5625114e82eda55f5e107c53b03e49579b5 [1ms]
[2023-01-23T00:54:31.352Z] > git log --format=%H%n%aN%n%aE%n%at%n%ct%n%P%n%B -z -n21 -- /home/henrique/Programing/Personal/Git/fork/hugo-starter-netlify-cms/static/admin/config.yml [4ms]
[2023-01-23T00:54:31.531Z] > git show --textconv :static/admin/config.yml [11ms]
[2023-01-23T00:54:31.532Z] > git ls-files --stage -- /home/henrique/Programing/Personal/Git/fork/hugo-starter-netlify-cms/static/admin/config.yml [2ms]
[2023-01-23T00:54:31.543Z] > git cat-file -s 07a3332dce616d261621205e6314dbb2e79d1379 [2ms]
[2023-01-23T00:55:16.022Z] > git check-ignore -v -z --stdin [1ms]
[2023-01-23T00:55:42.744Z] > git status -z -uall [1ms]
[2023-01-23T00:55:42.755Z] > git symbolic-ref --short HEAD [1ms]
[2023-01-23T00:55:42.765Z] > git for-each-ref --format=%(refname)%00%(upstream:short)%00%(objectname)%00%(upstream:track)%00%(upstream:remotename)%00%(upstream:remoteref) refs/heads/main refs/remotes/main [1ms]
[2023-01-23T00:55:42.787Z] > git remote --verbose [2ms]
[2023-01-23T00:55:42.787Z] > git for-each-ref --sort -committerdate --format %(refname) %(objectname) %(*objectname) [10ms]
[2023-01-23T00:55:42.800Z] > git config --get commit.template [2ms]
[2023-01-23T00:55:43.310Z] > git rev-list --count 044e6bad7258c1e77e9ae302f8b57d83e9dcfce3.. -- /home/henrique/Programing/Personal/Git/fork/hugo-starter-netlify-cms/static/admin/config.yml [1ms]
[2023-01-23T00:55:43.324Z] > git log --format=%H%n%aN%n%aE%n%at%n%ct%n%P%n%B -z -n6 -- /home/henrique/Programing/Personal/Git/fork/hugo-starter-netlify-cms/static/admin/config.yml [2ms]
[2023-01-23T01:01:51.862Z] > git status -z -uall [2ms]
[2023-01-23T01:01:51.871Z] > git symbolic-ref --short HEAD [0ms]
[2023-01-23T01:01:51.883Z] > git for-each-ref --format=%(refname)%00%(upstream:short)%00%(objectname)%00%(upstream:track)%00%(upstream:remotename)%00%(upstream:remoteref) refs/heads/main refs/remotes/main [1ms]
[2023-01-23T01:01:51.903Z] > git for-each-ref --sort -committerdate --format %(refname) %(objectname) %(*objectname) [12ms]
[2023-01-23T01:01:51.904Z] > git remote --verbose [1ms]
[2023-01-23T01:01:51.919Z] > git config --get commit.template [2ms]
[2023-01-23T01:01:52.371Z] > git fetch [521ms]
[2023-01-23T01:01:52.384Z] > git status -z -uall [2ms]
[2023-01-23T01:01:52.395Z] > git symbolic-ref --short HEAD [1ms]
[2023-01-23T01:01:52.406Z] > git for-each-ref --format=%(refname)%00%(upstream:short)%00%(objectname)%00%(upstream:track)%00%(upstream:remotename)%00%(upstream:remoteref) refs/heads/main refs/remotes/main [1ms]
[2023-01-23T01:01:52.429Z] > git remote --verbose [3ms]
[2023-01-23T01:01:52.429Z] > git for-each-ref --sort -committerdate --format %(refname) %(objectname) %(*objectname) [13ms]
[2023-01-23T01:01:52.452Z] > git rev-list --count 044e6bad7258c1e77e9ae302f8b57d83e9dcfce3.. -- /home/henrique/Programing/Personal/Git/fork/hugo-starter-netlify-cms/static/admin/config.yml [2ms]
[2023-01-23T01:01:52.463Z] > git config --get commit.template [23ms]
[2023-01-23T01:01:52.465Z] > git log --format=%H%n%aN%n%aE%n%at%n%ct%n%P%n%B -z -n6 -- /home/henrique/Programing/Personal/Git/fork/hugo-starter-netlify-cms/static/admin/config.yml [2ms]
[2023-01-23T01:01:52.945Z] > git rev-list --count 044e6bad7258c1e77e9ae302f8b57d83e9dcfce3.. -- /home/henrique/Programing/Personal/Git/fork/hugo-starter-netlify-cms/static/admin/config.yml [1ms]
[2023-01-23T01:01:52.957Z] > git log --format=%H%n%aN%n%aE%n%at%n%ct%n%P%n%B -z -n6 -- /home/henrique/Programing/Personal/Git/fork/hugo-starter-netlify-cms/static/admin/config.yml [1ms]
[2023-01-23T01:11:32.488Z] > git status -z -uall [3ms]
[2023-01-23T01:11:32.499Z] > git symbolic-ref --short HEAD [1ms]
[2023-01-23T01:11:32.512Z] > git for-each-ref --format=%(refname)%00%(upstream:short)%00%(objectname)%00%(upstream:track)%00%(upstream:remotename)%00%(upstream:remoteref) refs/heads/main refs/remotes/main [1ms]
[2023-01-23T01:11:32.544Z] > git for-each-ref --sort -committerdate --format %(refname) %(objectname) %(*objectname) [21ms]
[2023-01-23T01:11:32.545Z] > git ls-files --stage -- /home/henrique/Programing/Personal/Git/fork/hugo-starter-netlify-cms/static/admin/config.yml [2ms]
[2023-01-23T01:11:32.554Z] > git remote --verbose [23ms]
[2023-01-23T01:11:32.567Z] > git cat-file -s 07a3332dce616d261621205e6314dbb2e79d1379 [14ms]
[2023-01-23T01:11:32.571Z] > git config --get commit.template [4ms]
[2023-01-23T01:11:32.591Z] > git show --textconv :static/admin/config.yml [1ms]
[2023-01-23T01:11:33.046Z] > git fetch [571ms]
[2023-01-23T01:11:33.058Z] > git status -z -uall [2ms]
[2023-01-23T01:11:33.077Z] > git symbolic-ref --short HEAD [12ms]
[2023-01-23T01:11:33.087Z] > git rev-list --count 044e6bad7258c1e77e9ae302f8b57d83e9dcfce3.. -- /home/henrique/Programing/Personal/Git/fork/hugo-starter-netlify-cms/static/admin/config.yml [11ms]
[2023-01-23T01:11:33.099Z] > git for-each-ref --format=%(refname)%00%(upstream:short)%00%(objectname)%00%(upstream:track)%00%(upstream:remotename)%00%(upstream:remoteref) refs/heads/main refs/remotes/main [13ms]
[2023-01-23T01:11:33.119Z] > git remote --verbose [2ms]
[2023-01-23T01:11:33.119Z] > git for-each-ref --sort -committerdate --format %(refname) %(objectname) %(*objectname) [10ms]
[2023-01-23T01:11:33.121Z] > git log --format=%H%n%aN%n%aE%n%at%n%ct%n%P%n%B -z -n6 -- /home/henrique/Programing/Personal/Git/fork/hugo-starter-netlify-cms/static/admin/config.yml [24ms]
[2023-01-23T01:11:33.132Z] > git config --get commit.template [1ms]
[2023-01-23T01:11:33.640Z] > git rev-list --count 044e6bad7258c1e77e9ae302f8b57d83e9dcfce3.. -- /home/henrique/Programing/Personal/Git/fork/hugo-starter-netlify-cms/static/admin/config.yml [2ms]
[2023-01-23T01:11:33.653Z] > git log --format=%H%n%aN%n%aE%n%at%n%ct%n%P%n%B -z -n6 -- /home/henrique/Programing/Personal/Git/fork/hugo-starter-netlify-cms/static/admin/config.yml [3ms]
[2023-01-23T01:12:50.615Z] > git ls-files --stage -- /home/henrique/Programing/Personal/Git/fork/hugo-starter-netlify-cms/static/admin/config.yml [1ms]
[2023-01-23T01:12:50.627Z] > git cat-file -s 07a3332dce616d261621205e6314dbb2e79d1379 [1ms]
[2023-01-23T01:12:50.651Z] > git show --textconv :static/admin/config.yml [3ms]
[2023-01-23T01:14:40.725Z] > git rev-list --count 044e6bad7258c1e77e9ae302f8b57d83e9dcfce3.. -- /home/henrique/Programing/Personal/Git/fork/hugo-starter-netlify-cms/static/admin/config.yml [1ms]
[2023-01-23T01:14:40.736Z] > git log --format=%H%n%aN%n%aE%n%at%n%ct%n%P%n%B -z -n6 -- /home/henrique/Programing/Personal/Git/fork/hugo-starter-netlify-cms/static/admin/config.yml [2ms]
[2023-01-23T01:14:41.173Z] > git fetch [1025ms]
[2023-01-23T01:14:41.183Z] > git status -z -uall [1ms]
[2023-01-23T01:14:41.192Z] > git symbolic-ref --short HEAD [1ms]
[2023-01-23T01:14:41.200Z] > git for-each-ref --format=%(refname)%00%(upstream:short)%00%(objectname)%00%(upstream:track)%00%(upstream:remotename)%00%(upstream:remoteref) refs/heads/main refs/remotes/main [1ms]
[2023-01-23T01:14:41.218Z] > git for-each-ref --sort -committerdate --format %(refname) %(objectname) %(*objectname) [9ms]
[2023-01-23T01:14:41.218Z] > git remote --verbose [1ms]
[2023-01-23T01:14:41.236Z] > git config --get commit.template [3ms]
[2023-01-23T01:14:41.755Z] > git rev-list --count 044e6bad7258c1e77e9ae302f8b57d83e9dcfce3.. -- /home/henrique/Programing/Personal/Git/fork/hugo-starter-netlify-cms/static/admin/config.yml [2ms]
[2023-01-23T01:14:41.769Z] > git log --format=%H%n%aN%n%aE%n%at%n%ct%n%P%n%B -z -n6 -- /home/henrique/Programing/Personal/Git/fork/hugo-starter-netlify-cms/static/admin/config.yml [2ms]
