[2023-01-27T16:37:32.616Z] Validating found git in: git
[2023-01-27T16:37:32.636Z] Using git 2.39.1 from git
[2023-01-27T16:37:33.178Z] > git rev-parse --show-toplevel [537ms]
[2023-01-27T16:37:33.190Z] > git rev-parse --git-dir --git-common-dir [5ms]
[2023-01-27T16:37:33.194Z] Open repository: /home/henrique/Programing/Personal/Git/fork/hugo-starter-netlify-cms
[2023-01-27T16:37:33.520Z] > git ls-files --stage -- /home/henrique/Programing/Personal/Git/fork/hugo-starter-netlify-cms/content/about/index.md [2ms]
[2023-01-27T16:37:33.597Z] > git show --textconv :content/about/index.md [86ms]
[2023-01-27T16:37:33.598Z] > git cat-file -s a778833aa17c9967d26dc1f2d145bba4e92dfd1c [70ms]
[2023-01-27T16:37:33.600Z] > git log --format=%H%n%aN%n%aE%n%at%n%ct%n%P%n%B -z -n21 -- /home/henrique/Programing/Personal/Git/fork/hugo-starter-netlify-cms/content/about/index.md [313ms]
[2023-01-27T16:37:33.757Z] > git check-ignore -v -z --stdin [12ms]
[2023-01-27T16:37:33.832Z] > git status -z -uall [626ms]
[2023-01-27T16:37:33.841Z] > git symbolic-ref --short HEAD [1ms]
[2023-01-27T16:37:33.851Z] > git for-each-ref --format=%(refname)%00%(upstream:short)%00%(objectname)%00%(upstream:track)%00%(upstream:remotename)%00%(upstream:remoteref) refs/heads/main refs/remotes/main [1ms]
[2023-01-27T16:37:33.874Z] > git remote --verbose [2ms]
[2023-01-27T16:37:33.889Z] > git rev-list --count 9dbbead597b2c6ce18222b0c7eddc0621e7bc8d5.. -- /home/henrique/Programing/Personal/Git/fork/hugo-starter-netlify-cms/content/about/index.md [1ms]
[2023-01-27T16:37:33.898Z] > git for-each-ref --sort -committerdate --format %(refname) %(objectname) %(*objectname) [34ms]
[2023-01-27T16:37:33.913Z] > git log --format=%H%n%aN%n%aE%n%at%n%ct%n%P%n%B -z -n3 -- /home/henrique/Programing/Personal/Git/fork/hugo-starter-netlify-cms/content/about/index.md [16ms]
[2023-01-27T16:37:33.917Z] > git config --get commit.template [4ms]
[2023-01-27T16:37:34.181Z] > git fetch [981ms]
[2023-01-27T16:37:34.193Z] > git status -z -uall [7ms]
[2023-01-27T16:37:34.200Z] > git symbolic-ref --short HEAD [1ms]
[2023-01-27T16:37:34.207Z] > git for-each-ref --format=%(refname)%00%(upstream:short)%00%(objectname)%00%(upstream:track)%00%(upstream:remotename)%00%(upstream:remoteref) refs/heads/main refs/remotes/main [1ms]
[2023-01-27T16:37:34.219Z] > git remote --verbose [1ms]
[2023-01-27T16:37:34.219Z] > git for-each-ref --sort -committerdate --format %(refname) %(objectname) %(*objectname) [6ms]
[2023-01-27T16:37:34.226Z] > git config --get commit.template [1ms]
[2023-01-27T16:37:34.727Z] > git rev-parse --show-toplevel [1ms]
[2023-01-27T16:37:34.734Z] > git rev-parse --git-dir --git-common-dir [1ms]
[2023-01-27T16:37:34.736Z] Open repository: /home/henrique/Programing/Personal/Git/fork/hugo-starter-netlify-cms/themes/risotto
[2023-01-27T16:37:34.757Z] > git status -z -uall [6ms]
[2023-01-27T16:37:34.763Z] > git symbolic-ref --short HEAD [1ms]
[2023-01-27T16:37:34.777Z] > git for-each-ref --format=%(refname)%00%(upstream:short)%00%(objectname)%00%(upstream:track)%00%(upstream:remotename)%00%(upstream:remoteref) refs/heads/main refs/remotes/main [8ms]
[2023-01-27T16:37:34.789Z] > git rev-list --count 9dbbead597b2c6ce18222b0c7eddc0621e7bc8d5.. -- /home/henrique/Programing/Personal/Git/fork/hugo-starter-netlify-cms/content/about/index.md [14ms]
[2023-01-27T16:37:34.798Z] > git for-each-ref --sort -committerdate --format %(refname) %(objectname) %(*objectname) [14ms]
[2023-01-27T16:37:34.799Z] > git remote --verbose [10ms]
[2023-01-27T16:37:34.799Z] > git log --format=%H%n%aN%n%aE%n%at%n%ct%n%P%n%B -z -n3 -- /home/henrique/Programing/Personal/Git/fork/hugo-starter-netlify-cms/content/about/index.md [2ms]
[2023-01-27T16:37:34.808Z] > git config --get commit.template [1ms]
[2023-01-27T16:37:35.253Z] > git status -z -uall [13ms]
[2023-01-27T16:37:35.262Z] > git symbolic-ref --short HEAD [1ms]
[2023-01-27T16:37:35.269Z] > git rev-list --count 9dbbead597b2c6ce18222b0c7eddc0621e7bc8d5.. -- /home/henrique/Programing/Personal/Git/fork/hugo-starter-netlify-cms/content/about/index.md [17ms]
[2023-01-27T16:37:35.277Z] > git for-each-ref --format=%(refname)%00%(upstream:short)%00%(objectname)%00%(upstream:track)%00%(upstream:remotename)%00%(upstream:remoteref) refs/heads/main refs/remotes/main [9ms]
[2023-01-27T16:37:35.295Z] > git remote --verbose [6ms]
[2023-01-27T16:37:35.295Z] > git for-each-ref --sort -committerdate --format %(refname) %(objectname) %(*objectname) [12ms]
[2023-01-27T16:37:35.295Z] > git log --format=%H%n%aN%n%aE%n%at%n%ct%n%P%n%B -z -n3 -- /home/henrique/Programing/Personal/Git/fork/hugo-starter-netlify-cms/content/about/index.md [19ms]
[2023-01-27T16:37:35.299Z] > git check-ignore -v -z --stdin [6ms]
[2023-01-27T16:37:35.305Z] > git config --get commit.template [0ms]
[2023-01-27T16:37:35.627Z] > git fetch [883ms]
[2023-01-27T16:37:35.639Z] > git status -z -uall [5ms]
[2023-01-27T16:37:35.645Z] > git symbolic-ref --short HEAD [1ms]
[2023-01-27T16:37:35.650Z] > git for-each-ref --format=%(refname)%00%(upstream:short)%00%(objectname)%00%(upstream:track)%00%(upstream:remotename)%00%(upstream:remoteref) refs/heads/main refs/remotes/main [1ms]
[2023-01-27T16:37:35.660Z] > git remote --verbose [1ms]
[2023-01-27T16:37:35.661Z] > git for-each-ref --sort -committerdate --format %(refname) %(objectname) %(*objectname) [7ms]
[2023-01-27T16:37:35.668Z] > git config --get commit.template [1ms]
[2023-01-27T16:37:35.813Z] > git rev-list --count 9dbbead597b2c6ce18222b0c7eddc0621e7bc8d5.. -- /home/henrique/Programing/Personal/Git/fork/hugo-starter-netlify-cms/content/about/index.md [2ms]
[2023-01-27T16:37:35.823Z] > git log --format=%H%n%aN%n%aE%n%at%n%ct%n%P%n%B -z -n3 -- /home/henrique/Programing/Personal/Git/fork/hugo-starter-netlify-cms/content/about/index.md [1ms]
[2023-01-27T16:37:36.171Z] > git rev-parse --show-toplevel [1ms]
[2023-01-27T16:37:36.178Z] > git rev-parse --git-dir --git-common-dir [1ms]
[2023-01-27T16:37:36.181Z] Open repository: /home/henrique/Programing/Personal/Git/fork/hugo-starter-netlify-cms/themes/risotto/themes/risotto
[2023-01-27T16:37:36.198Z] > git status -z -uall [2ms]
[2023-01-27T16:37:36.207Z] > git symbolic-ref --short HEAD [3ms]
[2023-01-27T16:37:36.217Z] > git for-each-ref --format=%(refname)%00%(upstream:short)%00%(objectname)%00%(upstream:track)%00%(upstream:remotename)%00%(upstream:remoteref) refs/heads/main refs/remotes/main [2ms]
[2023-01-27T16:37:36.233Z] > git remote --verbose [1ms]
[2023-01-27T16:37:36.240Z] > git for-each-ref --sort -committerdate --format %(refname) %(objectname) %(*objectname) [14ms]
[2023-01-27T16:37:36.250Z] > git config --get commit.template [2ms]
[2023-01-27T16:37:36.691Z] > git status -z -uall [5ms]
[2023-01-27T16:37:36.698Z] > git symbolic-ref --short HEAD [1ms]
[2023-01-27T16:37:36.706Z] > git for-each-ref --format=%(refname)%00%(upstream:short)%00%(objectname)%00%(upstream:track)%00%(upstream:remotename)%00%(upstream:remoteref) refs/heads/main refs/remotes/main [2ms]
[2023-01-27T16:37:36.739Z] > git remote --verbose [16ms]
[2023-01-27T16:37:36.740Z] > git for-each-ref --sort -committerdate --format %(refname) %(objectname) %(*objectname) [28ms]
[2023-01-27T16:37:36.740Z] > git fetch [551ms]
[2023-01-27T16:37:36.747Z] > git check-ignore -v -z --stdin [17ms]
[2023-01-27T16:37:36.748Z] > git rev-list --count 9dbbead597b2c6ce18222b0c7eddc0621e7bc8d5.. -- /home/henrique/Programing/Personal/Git/fork/hugo-starter-netlify-cms/content/about/index.md [10ms]
[2023-01-27T16:37:36.753Z] > git status -z -uall [7ms]
[2023-01-27T16:37:36.765Z] > git log --format=%H%n%aN%n%aE%n%at%n%ct%n%P%n%B -z -n3 -- /home/henrique/Programing/Personal/Git/fork/hugo-starter-netlify-cms/content/about/index.md [12ms]
[2023-01-27T16:37:36.773Z] > git symbolic-ref --short HEAD [12ms]
[2023-01-27T16:37:36.781Z] > git config --get commit.template [9ms]
[2023-01-27T16:37:36.781Z] > git for-each-ref --format=%(refname)%00%(upstream:short)%00%(objectname)%00%(upstream:track)%00%(upstream:remotename)%00%(upstream:remoteref) refs/heads/main refs/remotes/main [2ms]
[2023-01-27T16:37:36.796Z] > git remote --verbose [4ms]
[2023-01-27T16:37:36.797Z] > git for-each-ref --sort -committerdate --format %(refname) %(objectname) %(*objectname) [10ms]
[2023-01-27T16:37:36.805Z] > git config --get commit.template [2ms]
[2023-01-27T16:37:37.880Z] > git ls-files --stage -- /home/henrique/Programing/Personal/Git/fork/hugo-starter-netlify-cms/content/about/index.md [1ms]
[2023-01-27T16:37:37.887Z] > git cat-file -s a778833aa17c9967d26dc1f2d145bba4e92dfd1c [1ms]
[2023-01-27T16:37:37.899Z] > git show --textconv :content/about/index.md [1ms]
