[2023-01-27 19:58:40.482] [exthost] [info] Extension host with pid 23149 started
[2023-01-27 19:58:40.482] [exthost] [info] Skipping acquiring lock for /home/henrique/.config/MrCode/User/workspaceStorage/b29e04002b696787acc7617055bacb4d.
[2023-01-27 19:58:40.538] [exthost] [info] ExtensionService#_doActivateExtension vscode.debug-auto-launch, startup: true, activationEvent: '*'
[2023-01-27 19:58:40.594] [exthost] [info] ExtensionService#_doActivateExtension vscode.git-base, startup: true, activationEvent: '*', root cause: vscode.git
[2023-01-27 19:58:40.608] [exthost] [info] ExtensionService#_doActivateExtension vscode.ipynb, startup: true, activationEvent: '*'
[2023-01-27 19:58:40.660] [exthost] [info] ExtensionService#_doActivateExtension ecmel.vscode-html-css, startup: true, activationEvent: '*'
[2023-01-27 19:58:40.763] [exthost] [info] ExtensionService#_doActivateExtension shailen.netlify, startup: true, activationEvent: '*'
[2023-01-27 19:58:44.710] [exthost] [info] ExtensionService#_doActivateExtension vscode.git, startup: true, activationEvent: '*'
[2023-01-27 19:58:44.877] [exthost] [info] ExtensionService#_doActivateExtension vscode.github, startup: true, activationEvent: '*'
[2023-01-27 19:58:45.208] [exthost] [info] Eager extensions activated
[2023-01-27 19:58:45.223] [exthost] [info] ExtensionService#_doActivateExtension vscode.emmet, startup: false, activationEvent: 'onStartupFinished'
[2023-01-27 19:58:45.334] [exthost] [info] ExtensionService#_doActivateExtension vscode.merge-conflict, startup: false, activationEvent: 'onStartupFinished'
[2023-01-27 19:58:45.388] [exthost] [info] ExtensionService#_doActivateExtension formulahendry.code-runner, startup: false, activationEvent: 'onStartupFinished'
[2023-01-27 20:01:38.947] [exthost] [info] ExtensionService#_doActivateExtension vscode.extension-editing, startup: false, activationEvent: 'onLanguage:markdown'
[2023-01-27 20:01:39.065] [exthost] [info] ExtensionService#_doActivateExtension vscode.markdown-language-features, startup: false, activationEvent: 'onLanguage:markdown'
[2023-01-27 20:01:39.665] [exthost] [info] ExtensionService#_doActivateExtension denoland.vscode-deno, startup: false, activationEvent: 'onLanguage:markdown'
[2023-01-27 20:01:39.972] [exthost] [info] ExtensionService#_doActivateExtension Vue.volar, startup: false, activationEvent: 'onLanguage:markdown'
[2023-01-27 20:01:40.453] [exthost] [info] ExtensionService#_doActivateExtension vscode.typescript-language-features, startup: false, activationEvent: 'api', root cause: denoland.vscode-deno
[2023-01-27 20:01:40.599] [exthost] [info] ExtensionService#_doActivateExtension vscode.markdown-math, startup: false, activationEvent: 'api', root cause: vscode.markdown-language-features
[2023-01-27 20:01:48.104] [exthost] [info] ExtensionService#_doActivateExtension vscode.css-language-features, startup: false, activationEvent: 'onLanguage:css'
[2023-01-27 20:20:33.193] [exthost] [info] Extension host terminating: renderer closed the socket
[2023-01-27 20:20:33.283] [exthost] [info] Extension host with pid 23149 exiting with code 0
