[2023-01-23T22:07:44.352Z] Validating found git in: git
[2023-01-23T22:07:44.374Z] Using git 2.39.1 from git
[2023-01-23T22:07:44.394Z] > git rev-parse --show-toplevel [12ms]
[2023-01-23T22:07:44.447Z] > git rev-parse --git-dir --git-common-dir [44ms]
[2023-01-23T22:07:44.450Z] Open repository: /home/henrique/Programing/Personal/Git/fork/hugo-starter-netlify-cms
[2023-01-23T22:07:44.475Z] > git status -z -uall [10ms]
[2023-01-23T22:07:44.486Z] > git symbolic-ref --short HEAD [4ms]
[2023-01-23T22:07:44.498Z] > git for-each-ref --format=%(refname)%00%(upstream:short)%00%(objectname)%00%(upstream:track)%00%(upstream:remotename)%00%(upstream:remoteref) refs/heads/main refs/remotes/main [5ms]
[2023-01-23T22:07:44.514Z] > git remote --verbose [2ms]
[2023-01-23T22:07:44.514Z] > git for-each-ref --sort -committerdate --format %(refname) %(objectname) %(*objectname) [10ms]
[2023-01-23T22:07:44.538Z] > git config --get commit.template [11ms]
[2023-01-23T22:07:44.541Z] > git log --format=%H%n%aN%n%aE%n%at%n%ct%n%P%n%B -z -n21 -- /home/henrique/Programing/Personal/Git/fork/hugo-starter-netlify-cms/content/about/index.md [5ms]
[2023-01-23T22:07:44.798Z] > git show --textconv :content/about/index.md [14ms]
[2023-01-23T22:07:44.798Z] > git ls-files --stage -- /home/henrique/Programing/Personal/Git/fork/hugo-starter-netlify-cms/content/about/index.md [1ms]
[2023-01-23T22:07:44.811Z] > git cat-file -s a778833aa17c9967d26dc1f2d145bba4e92dfd1c [2ms]
[2023-01-23T22:07:44.993Z] > git fetch [536ms]
[2023-01-23T22:07:45.018Z] > git status -z -uall [16ms]
[2023-01-23T22:07:45.031Z] > git check-ignore -v -z --stdin [15ms]
[2023-01-23T22:07:45.035Z] > git symbolic-ref --short HEAD [5ms]
[2023-01-23T22:07:45.050Z] > git for-each-ref --format=%(refname)%00%(upstream:short)%00%(objectname)%00%(upstream:track)%00%(upstream:remotename)%00%(upstream:remoteref) refs/heads/main refs/remotes/main [3ms]
[2023-01-23T22:07:45.079Z] > git remote --verbose [10ms]
[2023-01-23T22:07:45.079Z] > git for-each-ref --sort -committerdate --format %(refname) %(objectname) %(*objectname) [18ms]
[2023-01-23T22:07:45.088Z] > git rev-list --count 9dbbead597b2c6ce18222b0c7eddc0621e7bc8d5.. -- /home/henrique/Programing/Personal/Git/fork/hugo-starter-netlify-cms/content/about/index.md [10ms]
[2023-01-23T22:07:45.095Z] > git config --get commit.template [8ms]
[2023-01-23T22:07:45.096Z] > git log --format=%H%n%aN%n%aE%n%at%n%ct%n%P%n%B -z -n3 -- /home/henrique/Programing/Personal/Git/fork/hugo-starter-netlify-cms/content/about/index.md [1ms]
[2023-01-23T22:07:45.614Z] > git rev-list --count 9dbbead597b2c6ce18222b0c7eddc0621e7bc8d5.. -- /home/henrique/Programing/Personal/Git/fork/hugo-starter-netlify-cms/content/about/index.md [2ms]
[2023-01-23T22:07:45.629Z] > git log --format=%H%n%aN%n%aE%n%at%n%ct%n%P%n%B -z -n3 -- /home/henrique/Programing/Personal/Git/fork/hugo-starter-netlify-cms/content/about/index.md [2ms]
[2023-01-23T22:07:46.167Z] > git ls-files --stage -- /home/henrique/Programing/Personal/Git/fork/hugo-starter-netlify-cms/content/about/index.md [1ms]
[2023-01-23T22:07:46.177Z] > git cat-file -s a778833aa17c9967d26dc1f2d145bba4e92dfd1c [1ms]
[2023-01-23T22:07:46.192Z] > git show --textconv :content/about/index.md [1ms]
[2023-01-23T22:07:55.928Z] > git status -z -uall [1ms]
[2023-01-23T22:07:55.937Z] > git symbolic-ref --short HEAD [1ms]
[2023-01-23T22:07:55.945Z] > git for-each-ref --format=%(refname)%00%(upstream:short)%00%(objectname)%00%(upstream:track)%00%(upstream:remotename)%00%(upstream:remoteref) refs/heads/main refs/remotes/main [1ms]
[2023-01-23T22:07:55.960Z] > git for-each-ref --sort -committerdate --format %(refname) %(objectname) %(*objectname) [8ms]
[2023-01-23T22:07:55.961Z] > git remote --verbose [2ms]
[2023-01-23T22:07:55.975Z] > git config --get commit.template [2ms]
