[2023-01-23 00:42:31.588] [renderer2] [warning] Via 'product.json#extensionEnabledApiProposals' extension 'ms-vsliveshare.vsliveshare' wants API proposal 'notebookDocumentEvents' but that proposal DOES NOT EXIST. Likely, the proposal has been finalized (check 'vscode.d.ts') or was abandoned.
[2023-01-23 00:42:31.623] [renderer2] [warning] Via 'product.json#extensionEnabledApiProposals' extension 'ms-dotnettools.dotnet-interactive-vscode' wants API proposal 'notebookConcatTextDocument' but that proposal DOES NOT EXIST. Likely, the proposal has been finalized (check 'vscode.d.ts') or was abandoned.
[2023-01-23 00:42:31.624] [renderer2] [warning] Via 'product.json#extensionEnabledApiProposals' extension 'ms-python.vscode-pylance' wants API proposal 'notebookDocumentEvents' but that proposal DOES NOT EXIST. Likely, the proposal has been finalized (check 'vscode.d.ts') or was abandoned.
[2023-01-23 00:42:31.625] [renderer2] [warning] Via 'product.json#extensionEnabledApiProposals' extension 'ms-toolsai.jupyter' wants API proposal 'notebookConcatTextDocument' but that proposal DOES NOT EXIST. Likely, the proposal has been finalized (check 'vscode.d.ts') or was abandoned.
[2023-01-23 00:42:31.626] [renderer2] [warning] Via 'product.json#extensionEnabledApiProposals' extension 'ms-toolsai.jupyter' wants API proposal 'notebookDocumentEvents' but that proposal DOES NOT EXIST. Likely, the proposal has been finalized (check 'vscode.d.ts') or was abandoned.
[2023-01-23 00:42:31.626] [renderer2] [warning] Via 'product.json#extensionEnabledApiProposals' extension 'dbaeumer.vscode-eslint' wants API proposal 'tabs' but that proposal DOES NOT EXIST. Likely, the proposal has been finalized (check 'vscode.d.ts') or was abandoned.
[2023-01-23 00:42:31.626] [renderer2] [warning] Via 'product.json#extensionEnabledApiProposals' extension 'dbaeumer.vscode-eslint' wants API proposal 'notebookDocumentEvents' but that proposal DOES NOT EXIST. Likely, the proposal has been finalized (check 'vscode.d.ts') or was abandoned.
[2023-01-23 00:42:36.761] [renderer2] [warning] [Vue.volar]: Cannot register 'typescript.tsdk'. This property is already registered.
[2023-01-23 00:42:45.800] [renderer2] [info] UNRESPONSIVE extension host: starting to profile NOW
[2023-01-23 00:42:51.059] [renderer2] [warning] UNRESPONSIVE extension host: 'shailen.netlify' took 100% of 5054.698ms, saved PROFILE here: 'file:///tmp/exthost-98e0b2.cpuprofile' [{"id":"shailen.netlify","total":5054529,"percentage":100}]
[2023-01-23 00:44:40.915] [renderer2] [info] UNRESPONSIVE extension host: starting to profile NOW
[2023-01-23 00:44:46.392] [renderer2] [warning] UNRESPONSIVE extension host: 'Wscats.eno' took 99% of 5081.79ms, saved PROFILE here: 'file:///tmp/exthost-663b2b.cpuprofile' [{"id":"gc","total":28582,"percentage":1},{"id":"Wscats.eno","total":5052952,"percentage":99}]
[2023-01-23 00:51:02.106] [renderer2] [warning] Via 'product.json#extensionEnabledApiProposals' extension 'ms-vsliveshare.vsliveshare' wants API proposal 'notebookDocumentEvents' but that proposal DOES NOT EXIST. Likely, the proposal has been finalized (check 'vscode.d.ts') or was abandoned.
[2023-01-23 00:51:02.132] [renderer2] [warning] Via 'product.json#extensionEnabledApiProposals' extension 'ms-dotnettools.dotnet-interactive-vscode' wants API proposal 'notebookConcatTextDocument' but that proposal DOES NOT EXIST. Likely, the proposal has been finalized (check 'vscode.d.ts') or was abandoned.
[2023-01-23 00:51:02.132] [renderer2] [warning] Via 'product.json#extensionEnabledApiProposals' extension 'ms-python.vscode-pylance' wants API proposal 'notebookDocumentEvents' but that proposal DOES NOT EXIST. Likely, the proposal has been finalized (check 'vscode.d.ts') or was abandoned.
[2023-01-23 00:51:02.134] [renderer2] [warning] Via 'product.json#extensionEnabledApiProposals' extension 'ms-toolsai.jupyter' wants API proposal 'notebookConcatTextDocument' but that proposal DOES NOT EXIST. Likely, the proposal has been finalized (check 'vscode.d.ts') or was abandoned.
[2023-01-23 00:51:02.134] [renderer2] [warning] Via 'product.json#extensionEnabledApiProposals' extension 'ms-toolsai.jupyter' wants API proposal 'notebookDocumentEvents' but that proposal DOES NOT EXIST. Likely, the proposal has been finalized (check 'vscode.d.ts') or was abandoned.
[2023-01-23 00:51:02.134] [renderer2] [warning] Via 'product.json#extensionEnabledApiProposals' extension 'dbaeumer.vscode-eslint' wants API proposal 'tabs' but that proposal DOES NOT EXIST. Likely, the proposal has been finalized (check 'vscode.d.ts') or was abandoned.
[2023-01-23 00:51:02.135] [renderer2] [warning] Via 'product.json#extensionEnabledApiProposals' extension 'dbaeumer.vscode-eslint' wants API proposal 'notebookDocumentEvents' but that proposal DOES NOT EXIST. Likely, the proposal has been finalized (check 'vscode.d.ts') or was abandoned.
[2023-01-23 00:51:02.624] [renderer2] [warning] [Vue.volar]: Cannot register 'typescript.tsdk'. This property is already registered.
[2023-01-23 00:51:13.480] [renderer2] [error] Can't install 'mistermunchkin.simple-markdown-snippets' extension because it is not compatible with the current version of MrCode (version 1.67.2+22140).: Incompatible: Can't install 'mistermunchkin.simple-markdown-snippets' extension because it is not compatible with the current version of MrCode (version 1.67.2+22140).
    at L.checkAndGetCompatibleVersion (vscode-file://vscode-app/usr/share/mrcode/resources/app/out/vs/code/electron-browser/sharedProcess/sharedProcessMain.js:48:12091)
    at async L.installFromGallery (vscode-file://vscode-app/usr/share/mrcode/resources/app/out/vs/code/electron-browser/sharedProcess/sharedProcessMain.js:48:3195)
[2023-01-23 00:51:15.228] [renderer2] [error] ["Incompatible: Can't install 'mistermunchkin.simple-markdown-snippets' extension because it is not compatible with the current version of MrCode (version 1.67.2+22140).","    at L.checkAndGetCompatibleVersion (vscode-file://vscode-app/usr/share/mrcode/resources/app/out/vs/code/electron-browser/sharedProcess/sharedProcessMain.js:48:12091)","    at async L.installFromGallery (vscode-file://vscode-app/usr/share/mrcode/resources/app/out/vs/code/electron-browser/sharedProcess/sharedProcessMain.js:48:3195)"]
[2023-01-23 00:51:15.242] [renderer2] [error] Can't install 'mistermunchkin.simple-markdown-snippets' extension because it is not compatible with the current version of MrCode (version 1.67.2+22140).: Incompatible: Can't install 'mistermunchkin.simple-markdown-snippets' extension because it is not compatible with the current version of MrCode (version 1.67.2+22140).
    at L.checkAndGetCompatibleVersion (vscode-file://vscode-app/usr/share/mrcode/resources/app/out/vs/code/electron-browser/sharedProcess/sharedProcessMain.js:48:12091)
    at async L.installFromGallery (vscode-file://vscode-app/usr/share/mrcode/resources/app/out/vs/code/electron-browser/sharedProcess/sharedProcessMain.js:48:3195)
