[2023-01-27T16:38:00.656Z] Validating found git in: git
[2023-01-27T16:38:00.672Z] Using git 2.39.1 from git
[2023-01-27T16:38:00.681Z] > git rev-parse --show-toplevel [3ms]
[2023-01-27T16:38:00.690Z] > git rev-parse --git-dir --git-common-dir [3ms]
[2023-01-27T16:38:00.694Z] Open repository: /home/henrique
[2023-01-27T16:38:01.217Z] > git check-ignore -v -z --stdin [1ms]
[2023-01-27T16:38:02.400Z] > git fetch [1700ms]
[2023-01-27T16:38:02.400Z] From https://github.com/SlimTux/hugo-starter-netlify-cms-teste
 * [new branch]      main       -> origin/main
[2023-01-27T16:38:03.988Z] > git check-ignore -v -z --stdin [1ms]
[2023-01-27T16:38:04.916Z] > git show --textconv :luke-blog/archetypes/default.md [62ms]
[2023-01-27T16:38:04.916Z] > git ls-files --stage -- /home/henrique/luke-blog/archetypes/default.md [53ms]
[2023-01-27T16:38:12.885Z] > git check-ignore -v -z --stdin [1ms]
[2023-01-27T16:38:15.636Z] > git check-ignore -v -z --stdin [2ms]
[2023-01-27T16:38:16.601Z] > git show --textconv :luke-blog/static/style.css [6ms]
[2023-01-27T16:38:16.604Z] > git ls-files --stage -- /home/henrique/luke-blog/static/style.css [3ms]
[2023-01-27T16:39:05.535Z] > git status -z -uall [64830ms]
[2023-01-27T16:49:23.504Z] > git check-ignore -v -z --stdin [1ms]
[2023-01-27T16:49:25.614Z] > git show --textconv :luke-blog/themes/lugo/config.toml [8ms]
[2023-01-27T16:49:25.615Z] > git ls-files --stage -- /home/henrique/luke-blog/themes/lugo/config.toml [2ms]
[2023-01-27T16:53:59.414Z] > git check-ignore -v -z --stdin [1ms]
[2023-01-27T16:54:00.728Z] > git show --textconv :luke-blog/themes/lugo/static/style.css [7ms]
[2023-01-27T16:54:00.728Z] > git ls-files --stage -- /home/henrique/luke-blog/themes/lugo/static/style.css [1ms]
[2023-01-27T16:55:09.007Z] > git show --textconv :luke-blog/themes/lugo/static/rss.svg [8ms]
[2023-01-27T16:55:09.008Z] > git ls-files --stage -- /home/henrique/luke-blog/themes/lugo/static/rss.svg [2ms]
[2023-01-27T16:55:11.551Z] > git check-ignore -v -z --stdin [1ms]
[2023-01-27T16:55:12.201Z] > git check-ignore -v -z --stdin [1ms]
[2023-01-27T16:55:13.032Z] > git show --textconv :luke-blog/themes/lugo/layouts/_default/baseof.html [7ms]
[2023-01-27T16:55:13.032Z] > git ls-files --stage -- /home/henrique/luke-blog/themes/lugo/layouts/_default/baseof.html [1ms]
[2023-01-27T16:55:24.396Z] > git show --textconv :luke-blog/themes/lugo/layouts/_default/list.html [8ms]
[2023-01-27T16:55:24.396Z] > git ls-files --stage -- /home/henrique/luke-blog/themes/lugo/layouts/_default/list.html [1ms]
[2023-01-27T16:55:27.514Z] > git show --textconv :luke-blog/themes/lugo/layouts/_default/single.html [6ms]
[2023-01-27T16:55:27.514Z] > git ls-files --stage -- /home/henrique/luke-blog/themes/lugo/layouts/_default/single.html [1ms]
[2023-01-27T16:55:32.113Z] > git check-ignore -v -z --stdin [1ms]
[2023-01-27T16:55:33.647Z] > git show --textconv :luke-blog/themes/lugo/layouts/partials/taglist.html [7ms]
[2023-01-27T16:55:33.647Z] > git ls-files --stage -- /home/henrique/luke-blog/themes/lugo/layouts/partials/taglist.html [1ms]
[2023-01-27T16:55:35.245Z] > git check-ignore -v -z --stdin [1ms]
[2023-01-27T16:55:36.104Z] > git show --textconv :luke-blog/themes/lugo/layouts/shortcodes/img.html [6ms]
[2023-01-27T16:55:36.105Z] > git ls-files --stage -- /home/henrique/luke-blog/themes/lugo/layouts/shortcodes/img.html [1ms]
[2023-01-27T16:55:37.173Z] > git show --textconv :luke-blog/themes/lugo/layouts/shortcodes/hidvid.html [6ms]
[2023-01-27T16:55:37.174Z] > git ls-files --stage -- /home/henrique/luke-blog/themes/lugo/layouts/shortcodes/hidvid.html [2ms]
[2023-01-27T16:55:39.320Z] > git show --textconv :luke-blog/themes/lugo/layouts/shortcodes/vid.html [7ms]
[2023-01-27T16:55:39.321Z] > git ls-files --stage -- /home/henrique/luke-blog/themes/lugo/layouts/shortcodes/vid.html [1ms]
[2023-01-27T16:55:40.882Z] > git show --textconv :luke-blog/themes/lugo/layouts/shortcodes/tagcloud.html [8ms]
[2023-01-27T16:55:40.882Z] > git ls-files --stage -- /home/henrique/luke-blog/themes/lugo/layouts/shortcodes/tagcloud.html [1ms]
[2023-01-27T16:55:43.910Z] > git check-ignore -v -z --stdin [1ms]
[2023-01-27T16:55:46.248Z] > git show --textconv :luke-blog/themes/lugo/archetypes/default.md [6ms]
[2023-01-27T16:55:46.248Z] > git ls-files --stage -- /home/henrique/luke-blog/themes/lugo/archetypes/default.md [1ms]
[2023-01-27T16:55:48.730Z] > git check-ignore -v -z --stdin [1ms]
[2023-01-27T16:55:49.426Z] > git show --textconv :luke-blog/themes/lugo/.github/workflows/upload.yml [8ms]
[2023-01-27T16:55:49.427Z] > git ls-files --stage -- /home/henrique/luke-blog/themes/lugo/.github/workflows/upload.yml [2ms]
[2023-01-27T16:56:08.051Z] > git show --textconv :luke-blog/.hugo_build.lock [8ms]
[2023-01-27T16:56:08.051Z] > git ls-files --stage -- /home/henrique/luke-blog/.hugo_build.lock [1ms]
[2023-01-27T16:56:09.086Z] > git show --textconv :luke-blog/config.toml [6ms]
[2023-01-27T16:56:09.086Z] > git ls-files --stage -- /home/henrique/luke-blog/config.toml [1ms]
[2023-01-27T16:56:20.587Z] > git show --textconv :luke-blog/static/style.css [7ms]
[2023-01-27T16:56:20.587Z] > git ls-files --stage -- /home/henrique/luke-blog/static/style.css [1ms]
[2023-01-27T16:56:38.241Z] > git show --textconv :luke-blog/archetypes/default.md [7ms]
[2023-01-27T16:56:38.242Z] > git ls-files --stage -- /home/henrique/luke-blog/archetypes/default.md [2ms]
[2023-01-27T16:57:05.917Z] > git show --textconv :luke-blog/static/style.css [6ms]
[2023-01-27T16:57:05.917Z] > git ls-files --stage -- /home/henrique/luke-blog/static/style.css [0ms]
[2023-01-27T16:57:29.812Z] > git show --textconv :luke-blog/.vscode/launch.json [10ms]
[2023-01-27T16:57:29.813Z] > git ls-files --stage -- /home/henrique/luke-blog/.vscode/launch.json [2ms]
[2023-01-27T16:57:29.943Z] > git check-ignore -v -z --stdin [1ms]
[2023-01-27T16:58:15.040Z] > git show --textconv :luke-blog/static/style.css [7ms]
[2023-01-27T16:58:15.040Z] > git ls-files --stage -- /home/henrique/luke-blog/static/style.css [1ms]
[2023-01-27T16:58:16.520Z] > git show --textconv :luke-blog/themes/lugo/config.toml [10ms]
[2023-01-27T16:58:16.521Z] > git ls-files --stage -- /home/henrique/luke-blog/themes/lugo/config.toml [2ms]
[2023-01-27T16:58:36.534Z] > git show --textconv :luke-blog/themes/lugo/static/style.css [7ms]
[2023-01-27T16:58:36.534Z] > git ls-files --stage -- /home/henrique/luke-blog/themes/lugo/static/style.css [1ms]
[2023-01-27T16:58:54.169Z] > git show --textconv :luke-blog/static/style.css [8ms]
[2023-01-27T16:58:54.169Z] > git ls-files --stage -- /home/henrique/luke-blog/static/style.css [1ms]
[2023-01-27T16:58:56.661Z] > git show --textconv :luke-blog/themes/lugo/static/style.css [9ms]
[2023-01-27T16:58:56.662Z] > git ls-files --stage -- /home/henrique/luke-blog/themes/lugo/static/style.css [2ms]
[2023-01-27T16:59:04.424Z] > git show --textconv :luke-blog/static/style.css [10ms]
[2023-01-27T16:59:04.425Z] > git ls-files --stage -- /home/henrique/luke-blog/static/style.css [3ms]
[2023-01-27T16:59:06.883Z] > git show --textconv :luke-blog/config.toml [9ms]
[2023-01-27T16:59:06.883Z] > git ls-files --stage -- /home/henrique/luke-blog/config.toml [1ms]
[2023-01-27T16:59:13.335Z] > git show --textconv :luke-blog/.vscode/launch.json [9ms]
[2023-01-27T16:59:13.335Z] > git ls-files --stage -- /home/henrique/luke-blog/.vscode/launch.json [1ms]
[2023-01-27T16:59:16.732Z] > git show --textconv :luke-blog/config.toml [5ms]
[2023-01-27T16:59:16.733Z] > git ls-files --stage -- /home/henrique/luke-blog/config.toml [1ms]
[2023-01-27T16:59:56.704Z] > git show --textconv :luke-blog/.vscode/launch.json [10ms]
[2023-01-27T16:59:56.705Z] > git ls-files --stage -- /home/henrique/luke-blog/.vscode/launch.json [1ms]
[2023-01-27T16:59:58.785Z] > git show --textconv :luke-blog/archetypes/default.md [8ms]
[2023-01-27T16:59:58.785Z] > git ls-files --stage -- /home/henrique/luke-blog/archetypes/default.md [1ms]
[2023-01-27T17:00:48.139Z] > git show --textconv :luke-blog/config.toml [8ms]
[2023-01-27T17:00:48.140Z] > git ls-files --stage -- /home/henrique/luke-blog/config.toml [1ms]
[2023-01-27T17:00:51.476Z] > git show --textconv :luke-blog/static/style.css [9ms]
[2023-01-27T17:00:51.477Z] > git ls-files --stage -- /home/henrique/luke-blog/static/style.css [2ms]
[2023-01-27T17:00:53.962Z] > git show --textconv :luke-blog/static/style.css [8ms]
[2023-01-27T17:00:53.962Z] > git ls-files --stage -- /home/henrique/luke-blog/static/style.css [1ms]
[2023-01-27T17:00:57.547Z] > git show --textconv :luke-blog/themes/lugo/static/style.css [8ms]
[2023-01-27T17:00:57.547Z] > git ls-files --stage -- /home/henrique/luke-blog/themes/lugo/static/style.css [1ms]
[2023-01-27T17:00:58.645Z] > git show --textconv :luke-blog/themes/lugo/config.toml [9ms]
[2023-01-27T17:00:58.645Z] > git ls-files --stage -- /home/henrique/luke-blog/themes/lugo/config.toml [1ms]
[2023-01-27T17:01:06.898Z] > git show --textconv :luke-blog/themes/lugo/archetypes/default.md [9ms]
[2023-01-27T17:01:06.898Z] > git ls-files --stage -- /home/henrique/luke-blog/themes/lugo/archetypes/default.md [1ms]
[2023-01-27T17:01:09.170Z] > git show --textconv :luke-blog/static/style.css [8ms]
[2023-01-27T17:01:09.170Z] > git ls-files --stage -- /home/henrique/luke-blog/static/style.css [1ms]
[2023-01-27T17:01:15.756Z] > git show --textconv :luke-blog/themes/lugo/archetypes/default.md [9ms]
[2023-01-27T17:01:15.757Z] > git ls-files --stage -- /home/henrique/luke-blog/themes/lugo/archetypes/default.md [2ms]
[2023-01-27T17:01:17.498Z] > git show --textconv :luke-blog/config.toml [8ms]
[2023-01-27T17:01:17.498Z] > git ls-files --stage -- /home/henrique/luke-blog/config.toml [1ms]
[2023-01-27T17:01:18.370Z] > git show --textconv :luke-blog/.hugo_build.lock [6ms]
[2023-01-27T17:01:18.370Z] > git ls-files --stage -- /home/henrique/luke-blog/.hugo_build.lock [1ms]
