[2023-01-23T21:47:40.485Z] Validating found git in: git
[2023-01-23T21:47:41.141Z] Using git 2.39.1 from git
[2023-01-23T21:47:41.229Z] > git rev-parse --show-toplevel [75ms]
[2023-01-23T21:47:41.237Z] > git rev-parse --git-dir --git-common-dir [1ms]
[2023-01-23T21:47:41.241Z] Open repository: /home/henrique/Programing/Personal/Git/fork/hugo-starter-netlify-cms
[2023-01-23T21:47:41.624Z] > git ls-files --stage -- /home/henrique/Programing/Personal/Git/fork/hugo-starter-netlify-cms/static/admin/config.yml [56ms]
[2023-01-23T21:47:41.841Z] > git check-ignore -v -z --stdin [66ms]
[2023-01-23T21:47:41.856Z] > git cat-file -s 07a3332dce616d261621205e6314dbb2e79d1379 [223ms]
[2023-01-23T21:47:41.857Z] > git show --textconv :static/admin/config.yml [298ms]
[2023-01-23T21:47:41.976Z] > git status -z -uall [728ms]
[2023-01-23T21:47:41.985Z] > git log --format=%H%n%aN%n%aE%n%at%n%ct%n%P%n%B -z -n21 -- /home/henrique/Programing/Personal/Git/fork/hugo-starter-netlify-cms/static/admin/config.yml [651ms]
[2023-01-23T21:47:42.004Z] > git symbolic-ref --short HEAD [20ms]
[2023-01-23T21:47:42.074Z] > git for-each-ref --format=%(refname)%00%(upstream:short)%00%(objectname)%00%(upstream:track)%00%(upstream:remotename)%00%(upstream:remoteref) refs/heads/main refs/remotes/main [63ms]
[2023-01-23T21:47:42.092Z] > git remote --verbose [3ms]
[2023-01-23T21:47:42.127Z] > git for-each-ref --sort -committerdate --format %(refname) %(objectname) %(*objectname) [43ms]
[2023-01-23T21:47:42.184Z] > git config --get commit.template [48ms]
[2023-01-23T21:47:42.645Z] > git rev-list --count 044e6bad7258c1e77e9ae302f8b57d83e9dcfce3.. -- /home/henrique/Programing/Personal/Git/fork/hugo-starter-netlify-cms/static/admin/config.yml [2ms]
[2023-01-23T21:47:42.658Z] > git log --format=%H%n%aN%n%aE%n%at%n%ct%n%P%n%B -z -n6 -- /home/henrique/Programing/Personal/Git/fork/hugo-starter-netlify-cms/static/admin/config.yml [2ms]
[2023-01-23T21:48:18.626Z] > git rev-list --count 044e6bad7258c1e77e9ae302f8b57d83e9dcfce3.. -- /home/henrique/Programing/Personal/Git/fork/hugo-starter-netlify-cms/static/admin/config.yml [2ms]
[2023-01-23T21:48:18.637Z] > git log --format=%H%n%aN%n%aE%n%at%n%ct%n%P%n%B -z -n6 -- /home/henrique/Programing/Personal/Git/fork/hugo-starter-netlify-cms/static/admin/config.yml [2ms]
[2023-01-23T21:48:18.893Z] > git fetch [841ms]
[2023-01-23T21:48:18.903Z] > git status -z -uall [2ms]
[2023-01-23T21:48:18.914Z] > git symbolic-ref --short HEAD [2ms]
[2023-01-23T21:48:18.922Z] > git for-each-ref --format=%(refname)%00%(upstream:short)%00%(objectname)%00%(upstream:track)%00%(upstream:remotename)%00%(upstream:remoteref) refs/heads/main refs/remotes/main [1ms]
[2023-01-23T21:48:18.936Z] > git for-each-ref --sort -committerdate --format %(refname) %(objectname) %(*objectname) [6ms]
[2023-01-23T21:48:18.937Z] > git remote --verbose [2ms]
[2023-01-23T21:48:18.949Z] > git config --get commit.template [2ms]
[2023-01-23T21:48:19.468Z] > git rev-list --count 044e6bad7258c1e77e9ae302f8b57d83e9dcfce3.. -- /home/henrique/Programing/Personal/Git/fork/hugo-starter-netlify-cms/static/admin/config.yml [2ms]
[2023-01-23T21:48:19.478Z] > git log --format=%H%n%aN%n%aE%n%at%n%ct%n%P%n%B -z -n6 -- /home/henrique/Programing/Personal/Git/fork/hugo-starter-netlify-cms/static/admin/config.yml [2ms]
[2023-01-23T21:48:58.454Z] > git ls-files --stage -- /home/henrique/Programing/Personal/Git/fork/hugo-starter-netlify-cms/static/admin/config.yml [1ms]
[2023-01-23T21:48:58.465Z] > git cat-file -s 07a3332dce616d261621205e6314dbb2e79d1379 [1ms]
[2023-01-23T21:48:58.483Z] > git show --textconv :static/admin/config.yml [2ms]
[2023-01-23T21:52:27.725Z] > git rev-list --count 044e6bad7258c1e77e9ae302f8b57d83e9dcfce3.. -- /home/henrique/Programing/Personal/Git/fork/hugo-starter-netlify-cms/static/admin/config.yml [2ms]
[2023-01-23T21:52:27.735Z] > git log --format=%H%n%aN%n%aE%n%at%n%ct%n%P%n%B -z -n6 -- /home/henrique/Programing/Personal/Git/fork/hugo-starter-netlify-cms/static/admin/config.yml [1ms]
[2023-01-23T21:52:28.150Z] > git fetch [996ms]
[2023-01-23T21:52:28.158Z] > git status -z -uall [2ms]
[2023-01-23T21:52:28.166Z] > git symbolic-ref --short HEAD [1ms]
[2023-01-23T21:52:28.173Z] > git for-each-ref --format=%(refname)%00%(upstream:short)%00%(objectname)%00%(upstream:track)%00%(upstream:remotename)%00%(upstream:remoteref) refs/heads/main refs/remotes/main [1ms]
[2023-01-23T21:52:28.187Z] > git for-each-ref --sort -committerdate --format %(refname) %(objectname) %(*objectname) [8ms]
[2023-01-23T21:52:28.187Z] > git remote --verbose [1ms]
[2023-01-23T21:52:28.198Z] > git config --get commit.template [2ms]
[2023-01-23T21:52:28.717Z] > git rev-list --count 044e6bad7258c1e77e9ae302f8b57d83e9dcfce3.. -- /home/henrique/Programing/Personal/Git/fork/hugo-starter-netlify-cms/static/admin/config.yml [2ms]
[2023-01-23T21:52:28.727Z] > git log --format=%H%n%aN%n%aE%n%at%n%ct%n%P%n%B -z -n6 -- /home/henrique/Programing/Personal/Git/fork/hugo-starter-netlify-cms/static/admin/config.yml [2ms]
[2023-01-23T21:52:29.311Z] > git ls-files --stage -- /home/henrique/Programing/Personal/Git/fork/hugo-starter-netlify-cms/static/admin/config.yml [1ms]
[2023-01-23T21:52:29.320Z] > git cat-file -s 07a3332dce616d261621205e6314dbb2e79d1379 [1ms]
[2023-01-23T21:52:29.334Z] > git show --textconv :static/admin/config.yml [2ms]
[2023-01-23T21:52:52.929Z] > git check-ignore -v -z --stdin [2ms]
[2023-01-23T21:52:58.701Z] > git add -A -- /home/henrique/Programing/Personal/Git/fork/hugo-starter-netlify-cms/static/css/style.css /home/henrique/Programing/Personal/Git/fork/hugo-starter-netlify-cms/config.toml [4ms]
[2023-01-23T21:52:58.713Z] > git status -z -uall [2ms]
[2023-01-23T21:52:58.721Z] > git symbolic-ref --short HEAD [1ms]
[2023-01-23T21:52:58.731Z] > git for-each-ref --format=%(refname)%00%(upstream:short)%00%(objectname)%00%(upstream:track)%00%(upstream:remotename)%00%(upstream:remoteref) refs/heads/main refs/remotes/main [2ms]
[2023-01-23T21:52:58.746Z] > git for-each-ref --sort -committerdate --format %(refname) %(objectname) %(*objectname) [8ms]
[2023-01-23T21:52:58.747Z] > git remote --verbose [3ms]
[2023-01-23T21:52:58.756Z] > git config --get commit.template [1ms]
[2023-01-23T21:59:00.529Z] > git status -z -uall [3ms]
[2023-01-23T21:59:00.549Z] > git symbolic-ref --short HEAD [11ms]
[2023-01-23T21:59:00.560Z] > git ls-files --stage -- /home/henrique/Programing/Personal/Git/fork/hugo-starter-netlify-cms/static/admin/config.yml [12ms]
[2023-01-23T21:59:00.568Z] > git for-each-ref --format=%(refname)%00%(upstream:short)%00%(objectname)%00%(upstream:track)%00%(upstream:remotename)%00%(upstream:remoteref) refs/heads/main refs/remotes/main [9ms]
[2023-01-23T21:59:00.587Z] > git for-each-ref --sort -committerdate --format %(refname) %(objectname) %(*objectname) [8ms]
[2023-01-23T21:59:00.587Z] > git cat-file -s 07a3332dce616d261621205e6314dbb2e79d1379 [20ms]
[2023-01-23T21:59:00.588Z] > git remote --verbose [2ms]
[2023-01-23T21:59:00.609Z] > git config --get commit.template [9ms]
[2023-01-23T21:59:00.610Z] > git show --textconv :static/admin/config.yml [3ms]
[2023-01-23T21:59:01.103Z] > git fetch [586ms]
[2023-01-23T21:59:01.111Z] > git status -z -uall [1ms]
[2023-01-23T21:59:01.117Z] > git symbolic-ref --short HEAD [1ms]
[2023-01-23T21:59:01.123Z] > git for-each-ref --format=%(refname)%00%(upstream:short)%00%(objectname)%00%(upstream:track)%00%(upstream:remotename)%00%(upstream:remoteref) refs/heads/main refs/remotes/main [1ms]
[2023-01-23T21:59:01.136Z] > git remote --verbose [2ms]
[2023-01-23T21:59:01.136Z] > git for-each-ref --sort -committerdate --format %(refname) %(objectname) %(*objectname) [7ms]
[2023-01-23T21:59:01.145Z] > git config --get commit.template [1ms]
[2023-01-23T21:59:16.033Z] > git status -z -uall [2ms]
[2023-01-23T21:59:16.058Z] > git symbolic-ref --short HEAD [12ms]
[2023-01-23T21:59:16.066Z] > git ls-files --stage -- /home/henrique/Programing/Personal/Git/fork/hugo-starter-netlify-cms/static/admin/config.yml [10ms]
[2023-01-23T21:59:16.077Z] > git for-each-ref --format=%(refname)%00%(upstream:short)%00%(objectname)%00%(upstream:track)%00%(upstream:remotename)%00%(upstream:remoteref) refs/heads/main refs/remotes/main [12ms]
[2023-01-23T21:59:16.095Z] > git for-each-ref --sort -committerdate --format %(refname) %(objectname) %(*objectname) [10ms]
[2023-01-23T21:59:16.095Z] > git cat-file -s 07a3332dce616d261621205e6314dbb2e79d1379 [19ms]
[2023-01-23T21:59:16.096Z] > git remote --verbose [2ms]
[2023-01-23T21:59:16.114Z] > git config --get commit.template [10ms]
[2023-01-23T21:59:16.115Z] > git show --textconv :static/admin/config.yml [2ms]
[2023-01-23T22:02:03.204Z] > git fetch [657ms]
[2023-01-23T22:02:03.213Z] > git status -z -uall [2ms]
[2023-01-23T22:02:03.220Z] > git symbolic-ref --short HEAD [1ms]
[2023-01-23T22:02:03.227Z] > git for-each-ref --format=%(refname)%00%(upstream:short)%00%(objectname)%00%(upstream:track)%00%(upstream:remotename)%00%(upstream:remoteref) refs/heads/main refs/remotes/main [1ms]
[2023-01-23T22:02:03.243Z] > git remote --verbose [1ms]
[2023-01-23T22:02:03.243Z] > git for-each-ref --sort -committerdate --format %(refname) %(objectname) %(*objectname) [8ms]
[2023-01-23T22:02:03.255Z] > git config --get commit.template [2ms]
[2023-01-23T22:03:01.635Z] > git ls-files --stage -- /home/henrique/Programing/Personal/Git/fork/hugo-starter-netlify-cms/static/admin/config.yml [2ms]
[2023-01-23T22:03:01.646Z] > git cat-file -s 07a3332dce616d261621205e6314dbb2e79d1379 [2ms]
[2023-01-23T22:03:01.657Z] > git show --textconv :static/admin/config.yml [1ms]
[2023-01-23T22:04:30.451Z] > git status -z -uall [5ms]
[2023-01-23T22:04:30.465Z] > git symbolic-ref --short HEAD [1ms]
[2023-01-23T22:04:30.482Z] > git for-each-ref --format=%(refname)%00%(upstream:short)%00%(objectname)%00%(upstream:track)%00%(upstream:remotename)%00%(upstream:remoteref) refs/heads/main refs/remotes/main [9ms]
[2023-01-23T22:04:30.498Z] > git remote --verbose [2ms]
[2023-01-23T22:04:30.498Z] > git for-each-ref --sort -committerdate --format %(refname) %(objectname) %(*objectname) [6ms]
[2023-01-23T22:04:30.499Z] > git ls-files --stage -- /home/henrique/Programing/Personal/Git/fork/hugo-starter-netlify-cms/static/admin/config.yml [18ms]
[2023-01-23T22:04:30.514Z] > git cat-file -s 07a3332dce616d261621205e6314dbb2e79d1379 [6ms]
[2023-01-23T22:04:30.515Z] > git config --get commit.template [2ms]
[2023-01-23T22:04:30.526Z] > git show --textconv :static/admin/config.yml [1ms]
[2023-01-23T22:05:03.943Z] > git fetch [677ms]
[2023-01-23T22:05:03.951Z] > git status -z -uall [3ms]
[2023-01-23T22:05:03.960Z] > git symbolic-ref --short HEAD [1ms]
[2023-01-23T22:05:03.966Z] > git for-each-ref --format=%(refname)%00%(upstream:short)%00%(objectname)%00%(upstream:track)%00%(upstream:remotename)%00%(upstream:remoteref) refs/heads/main refs/remotes/main [1ms]
[2023-01-23T22:05:03.981Z] > git remote --verbose [1ms]
[2023-01-23T22:05:03.981Z] > git for-each-ref --sort -committerdate --format %(refname) %(objectname) %(*objectname) [6ms]
[2023-01-23T22:05:03.993Z] > git config --get commit.template [2ms]
[2023-01-23T22:05:05.209Z] > git show --textconv HEAD:README.md [25ms]
[2023-01-23T22:05:05.209Z] > git ls-tree -l HEAD -- /home/henrique/Programing/Personal/Git/fork/hugo-starter-netlify-cms/README.md [12ms]
[2023-01-23T22:05:05.212Z] > git ls-files --stage -- /home/henrique/Programing/Personal/Git/fork/hugo-starter-netlify-cms/static/admin/config.yml [4ms]
[2023-01-23T22:05:05.221Z] > git cat-file -s 07a3332dce616d261621205e6314dbb2e79d1379 [2ms]
[2023-01-23T22:05:06.792Z] > git show --textconv :static/admin/config.yml [1481ms]
[2023-01-23T22:05:08.576Z] > git show --textconv HEAD:content/posts/test-post/index.md [30ms]
[2023-01-23T22:05:08.577Z] > git ls-tree -l HEAD -- /home/henrique/Programing/Personal/Git/fork/hugo-starter-netlify-cms/content/posts/test-post/index.md [21ms]
[2023-01-23T22:05:09.069Z] > git check-ignore -v -z --stdin [2ms]
[2023-01-23T22:05:09.172Z] > git show --textconv HEAD:README.md [12ms]
[2023-01-23T22:05:09.173Z] > git ls-tree -l HEAD -- /home/henrique/Programing/Personal/Git/fork/hugo-starter-netlify-cms/README.md [2ms]
[2023-01-23T22:05:10.939Z] > git log --format=%H%n%aN%n%aE%n%at%n%ct%n%P%n%B -z -n21 -- /home/henrique/Programing/Personal/Git/fork/hugo-starter-netlify-cms/README.md [3ms]
[2023-01-23T22:05:12.255Z] > git log --format=%H%n%aN%n%aE%n%at%n%ct%n%P%n%B -z -n21 -- /home/henrique/Programing/Personal/Git/fork/hugo-starter-netlify-cms/static/css/style.css [8ms]
[2023-01-23T22:05:12.448Z] > git show --textconv :static/css/style.css [9ms]
[2023-01-23T22:05:12.449Z] > git ls-files --stage -- /home/henrique/Programing/Personal/Git/fork/hugo-starter-netlify-cms/static/css/style.css [2ms]
[2023-01-23T22:05:12.457Z] > git cat-file -s 45567da58f94782f01acefe1e0c19492d887de0d [1ms]
[2023-01-23T22:05:26.471Z] > git add -A -- /home/henrique/Programing/Personal/Git/fork/hugo-starter-netlify-cms/static/css/style.css [2ms]
[2023-01-23T22:05:26.485Z] > git status -z -uall [4ms]
[2023-01-23T22:05:26.496Z] > git symbolic-ref --short HEAD [2ms]
[2023-01-23T22:05:26.507Z] > git for-each-ref --format=%(refname)%00%(upstream:short)%00%(objectname)%00%(upstream:track)%00%(upstream:remotename)%00%(upstream:remoteref) refs/heads/main refs/remotes/main [2ms]
[2023-01-23T22:05:26.526Z] > git for-each-ref --sort -committerdate --format %(refname) %(objectname) %(*objectname) [11ms]
[2023-01-23T22:05:26.526Z] > git remote --verbose [2ms]
[2023-01-23T22:05:26.539Z] > git config --get commit.template [1ms]
[2023-01-23T22:05:27.467Z] > git status -z -uall [1ms]
[2023-01-23T22:05:27.475Z] > git symbolic-ref --short HEAD [1ms]
[2023-01-23T22:05:27.483Z] > git for-each-ref --format=%(refname)%00%(upstream:short)%00%(objectname)%00%(upstream:track)%00%(upstream:remotename)%00%(upstream:remoteref) refs/heads/main refs/remotes/main [1ms]
[2023-01-23T22:05:27.501Z] > git remote --verbose [2ms]
[2023-01-23T22:05:27.501Z] > git for-each-ref --sort -committerdate --format %(refname) %(objectname) %(*objectname) [10ms]
[2023-01-23T22:05:27.514Z] > git config --get commit.template [1ms]
[2023-01-23T22:05:27.661Z] > git ls-tree -l HEAD -- /home/henrique/Programing/Personal/Git/fork/hugo-starter-netlify-cms/README.md [11ms]
[2023-01-23T22:05:27.661Z] > git ls-files --stage -- /home/henrique/Programing/Personal/Git/fork/hugo-starter-netlify-cms/static/css/style.css [1ms]
[2023-01-23T22:05:27.671Z] > git cat-file -s 5e862f77a9a4c52ad12f93e9010bc1bcf742cabf [1ms]
[2023-01-23T22:05:27.692Z] > git show --textconv HEAD:README.md [11ms]
[2023-01-23T22:05:27.693Z] > git show --textconv :static/css/style.css [2ms]
[2023-01-23T22:05:32.528Z] > git status -z -uall [1ms]
[2023-01-23T22:05:32.538Z] > git symbolic-ref --short HEAD [1ms]
[2023-01-23T22:05:32.549Z] > git for-each-ref --format=%(refname)%00%(upstream:short)%00%(objectname)%00%(upstream:track)%00%(upstream:remotename)%00%(upstream:remoteref) refs/heads/main refs/remotes/main [2ms]
[2023-01-23T22:05:32.572Z] > git for-each-ref --sort -committerdate --format %(refname) %(objectname) %(*objectname) [12ms]
[2023-01-23T22:05:32.572Z] > git remote --verbose [1ms]
[2023-01-23T22:05:32.586Z] > git config --get commit.template [3ms]
[2023-01-23T22:05:36.359Z] > git -c user.useConfigOnly=true commit --quiet --allow-empty-message --file - [74ms]
[2023-01-23T22:05:36.371Z] > git status -z -uall [3ms]
[2023-01-23T22:05:36.379Z] > git symbolic-ref --short HEAD [1ms]
[2023-01-23T22:05:36.390Z] > git for-each-ref --format=%(refname)%00%(upstream:short)%00%(objectname)%00%(upstream:track)%00%(upstream:remotename)%00%(upstream:remoteref) refs/heads/main refs/remotes/main [1ms]
[2023-01-23T22:05:36.408Z] > git for-each-ref --sort -committerdate --format %(refname) %(objectname) %(*objectname) [11ms]
[2023-01-23T22:05:36.408Z] > git remote --verbose [1ms]
[2023-01-23T22:05:36.420Z] > git config --get commit.template [0ms]
[2023-01-23T22:05:37.532Z] > git ls-tree -l HEAD -- /home/henrique/Programing/Personal/Git/fork/hugo-starter-netlify-cms/README.md [9ms]
[2023-01-23T22:05:37.545Z] > git ls-files --stage -- /home/henrique/Programing/Personal/Git/fork/hugo-starter-netlify-cms/static/css/style.css [14ms]
[2023-01-23T22:05:37.554Z] > git cat-file -s 5e862f77a9a4c52ad12f93e9010bc1bcf742cabf [1ms]
[2023-01-23T22:05:37.564Z] > git show --textconv HEAD:README.md [1ms]
[2023-01-23T22:05:37.574Z] > git show --textconv :static/css/style.css [2ms]
[2023-01-23T22:05:38.528Z] > git status -z -uall [2ms]
[2023-01-23T22:05:38.538Z] > git symbolic-ref --short HEAD [1ms]
[2023-01-23T22:05:38.548Z] > git for-each-ref --format=%(refname)%00%(upstream:short)%00%(objectname)%00%(upstream:track)%00%(upstream:remotename)%00%(upstream:remoteref) refs/heads/main refs/remotes/main [2ms]
[2023-01-23T22:05:38.569Z] > git for-each-ref --sort -committerdate --format %(refname) %(objectname) %(*objectname) [12ms]
[2023-01-23T22:05:38.570Z] > git remote --verbose [3ms]
[2023-01-23T22:05:38.580Z] > git config --get commit.template [2ms]
[2023-01-23T22:05:41.212Z] > git show --textconv HEAD:.hugo_build.lock [13ms]
[2023-01-23T22:05:41.213Z] > git ls-tree -l HEAD -- /home/henrique/Programing/Personal/Git/fork/hugo-starter-netlify-cms/.hugo_build.lock [3ms]
[2023-01-23T22:05:42.755Z] > git show --textconv HEAD:.nojekyll [16ms]
[2023-01-23T22:05:42.756Z] > git ls-tree -l HEAD -- /home/henrique/Programing/Personal/Git/fork/hugo-starter-netlify-cms/.nojekyll [5ms]
[2023-01-23T22:05:44.409Z] > git show --textconv HEAD:index.html [9ms]
[2023-01-23T22:05:44.410Z] > git ls-tree -l HEAD -- /home/henrique/Programing/Personal/Git/fork/hugo-starter-netlify-cms/index.html [1ms]
[2023-01-23T22:05:49.235Z] > git show --textconv HEAD:README.md [13ms]
[2023-01-23T22:05:49.236Z] > git ls-tree -l HEAD -- /home/henrique/Programing/Personal/Git/fork/hugo-starter-netlify-cms/README.md [5ms]
[2023-01-23T22:05:49.793Z] > git show --textconv HEAD:index.html [16ms]
[2023-01-23T22:05:49.794Z] > git ls-tree -l HEAD -- /home/henrique/Programing/Personal/Git/fork/hugo-starter-netlify-cms/index.html [4ms]
[2023-01-23T22:05:54.037Z] > git ls-tree -l HEAD -- /home/henrique/Programing/Personal/Git/fork/hugo-starter-netlify-cms/index.html [1ms]
[2023-01-23T22:05:59.470Z] > git show --textconv HEAD:README.md [12ms]
[2023-01-23T22:05:59.472Z] > git ls-tree -l HEAD -- /home/henrique/Programing/Personal/Git/fork/hugo-starter-netlify-cms/README.md [3ms]
[2023-01-23T22:06:00.377Z] > git show --textconv HEAD:content/posts/test-post/index.md [13ms]
[2023-01-23T22:06:00.378Z] > git ls-tree -l HEAD -- /home/henrique/Programing/Personal/Git/fork/hugo-starter-netlify-cms/content/posts/test-post/index.md [3ms]
[2023-01-23T22:06:07.290Z] > git check-ignore -v -z --stdin [1ms]
[2023-01-23T22:06:08.549Z] > git check-ignore -v -z --stdin [1ms]
[2023-01-23T22:06:08.649Z] > git log --format=%H%n%aN%n%aE%n%at%n%ct%n%P%n%B -z -n21 -- /home/henrique/Programing/Personal/Git/fork/hugo-starter-netlify-cms/content/about/index.md [2ms]
[2023-01-23T22:06:08.860Z] > git show --textconv :content/about/index.md [10ms]
[2023-01-23T22:06:08.861Z] > git ls-files --stage -- /home/henrique/Programing/Personal/Git/fork/hugo-starter-netlify-cms/content/about/index.md [2ms]
[2023-01-23T22:06:08.871Z] > git cat-file -s a778833aa17c9967d26dc1f2d145bba4e92dfd1c [1ms]
[2023-01-23T22:06:21.470Z] > git check-ignore -v -z --stdin [1ms]
[2023-01-23T22:06:22.476Z] > git log --format=%H%n%aN%n%aE%n%at%n%ct%n%P%n%B -z -n21 -- /home/henrique/Programing/Personal/Git/fork/hugo-starter-netlify-cms/content/posts/index.md [2ms]
[2023-01-23T22:06:22.663Z] > git show --textconv :content/posts/index.md [10ms]
[2023-01-23T22:06:22.663Z] > git ls-files --stage -- /home/henrique/Programing/Personal/Git/fork/hugo-starter-netlify-cms/content/posts/index.md [1ms]
[2023-01-23T22:06:22.672Z] > git cat-file -s 53c261d5bd593716babea3661702cf0c69f473c3 [1ms]
[2023-01-23T22:06:23.846Z] > git log --format=%H%n%aN%n%aE%n%at%n%ct%n%P%n%B -z -n21 -- /home/henrique/Programing/Personal/Git/fork/hugo-starter-netlify-cms/content/posts/test-post/index.md [3ms]
[2023-01-23T22:06:24.031Z] > git show --textconv :content/posts/test-post/index.md [10ms]
[2023-01-23T22:06:24.032Z] > git ls-files --stage -- /home/henrique/Programing/Personal/Git/fork/hugo-starter-netlify-cms/content/posts/test-post/index.md [2ms]
[2023-01-23T22:06:24.041Z] > git cat-file -s 36f725db1041c82934a58c6b8692796bc09f750e [1ms]
[2023-01-23T22:06:24.742Z] > git log --format=%H%n%aN%n%aE%n%at%n%ct%n%P%n%B -z -n21 -- /home/henrique/Programing/Personal/Git/fork/hugo-starter-netlify-cms/content/_index.md [3ms]
[2023-01-23T22:06:24.922Z] > git show --textconv :content/_index.md [9ms]
[2023-01-23T22:06:24.922Z] > git ls-files --stage -- /home/henrique/Programing/Personal/Git/fork/hugo-starter-netlify-cms/content/_index.md [1ms]
[2023-01-23T22:06:24.931Z] > git cat-file -s 1c86223fbee1198b97006dec69b5aa63de3ccee3 [2ms]
[2023-01-23T22:06:26.730Z] > git check-ignore -v -z --stdin [1ms]
[2023-01-23T22:06:31.122Z] > git log --format=%H%n%aN%n%aE%n%at%n%ct%n%P%n%B -z -n21 -- /home/henrique/Programing/Personal/Git/fork/hugo-starter-netlify-cms/static/admin/config.yml [3ms]
[2023-01-23T22:06:31.317Z] > git show --textconv :static/admin/config.yml [13ms]
[2023-01-23T22:06:31.318Z] > git ls-files --stage -- /home/henrique/Programing/Personal/Git/fork/hugo-starter-netlify-cms/static/admin/config.yml [3ms]
[2023-01-23T22:06:31.327Z] > git cat-file -s 07a3332dce616d261621205e6314dbb2e79d1379 [1ms]
[2023-01-23T22:06:31.886Z] > git log --format=%H%n%aN%n%aE%n%at%n%ct%n%P%n%B -z -n21 -- /home/henrique/Programing/Personal/Git/fork/hugo-starter-netlify-cms/static/admin/index.html [4ms]
[2023-01-23T22:06:32.073Z] > git show --textconv :static/admin/index.html [10ms]
[2023-01-23T22:06:32.074Z] > git ls-files --stage -- /home/henrique/Programing/Personal/Git/fork/hugo-starter-netlify-cms/static/admin/index.html [2ms]
[2023-01-23T22:06:32.083Z] > git cat-file -s 09f1b5625114e82eda55f5e107c53b03e49579b5 [1ms]
[2023-01-23T22:06:34.224Z] > git log --format=%H%n%aN%n%aE%n%at%n%ct%n%P%n%B -z -n21 -- /home/henrique/Programing/Personal/Git/fork/hugo-starter-netlify-cms/static/css/style.css [3ms]
[2023-01-23T22:06:34.416Z] > git show --textconv :static/css/style.css [15ms]
[2023-01-23T22:06:34.418Z] > git ls-files --stage -- /home/henrique/Programing/Personal/Git/fork/hugo-starter-netlify-cms/static/css/style.css [3ms]
[2023-01-23T22:06:34.430Z] > git cat-file -s 5e862f77a9a4c52ad12f93e9010bc1bcf742cabf [1ms]
[2023-01-23T22:06:35.285Z] > git log --format=%H%n%aN%n%aE%n%at%n%ct%n%P%n%B -z -n21 -- /home/henrique/Programing/Personal/Git/fork/hugo-starter-netlify-cms/.gitignore [5ms]
[2023-01-23T22:06:35.472Z] > git show --textconv :.gitignore [11ms]
[2023-01-23T22:06:35.473Z] > git ls-files --stage -- /home/henrique/Programing/Personal/Git/fork/hugo-starter-netlify-cms/.gitignore [2ms]
[2023-01-23T22:06:35.485Z] > git cat-file -s 364fdec1aa19d3a1f8d926d500c0beffe5674be8 [2ms]
[2023-01-23T22:06:36.316Z] > git log --format=%H%n%aN%n%aE%n%at%n%ct%n%P%n%B -z -n21 -- /home/henrique/Programing/Personal/Git/fork/hugo-starter-netlify-cms/.hugo_build.lock [3ms]
[2023-01-23T22:06:36.506Z] > git show --textconv :.hugo_build.lock [10ms]
[2023-01-23T22:06:36.507Z] > git ls-files --stage -- /home/henrique/Programing/Personal/Git/fork/hugo-starter-netlify-cms/.hugo_build.lock [2ms]
[2023-01-23T22:06:36.886Z] > git log --format=%H%n%aN%n%aE%n%at%n%ct%n%P%n%B -z -n21 -- /home/henrique/Programing/Personal/Git/fork/hugo-starter-netlify-cms/.nojekyll [3ms]
[2023-01-23T22:06:37.080Z] > git show --textconv :.nojekyll [11ms]
[2023-01-23T22:06:37.080Z] > git ls-files --stage -- /home/henrique/Programing/Personal/Git/fork/hugo-starter-netlify-cms/.nojekyll [1ms]
[2023-01-23T22:06:37.711Z] > git log --format=%H%n%aN%n%aE%n%at%n%ct%n%P%n%B -z -n21 -- /home/henrique/Programing/Personal/Git/fork/hugo-starter-netlify-cms/config.toml [6ms]
[2023-01-23T22:06:37.899Z] > git show --textconv :config.toml [10ms]
[2023-01-23T22:06:37.899Z] > git ls-files --stage -- /home/henrique/Programing/Personal/Git/fork/hugo-starter-netlify-cms/config.toml [1ms]
[2023-01-23T22:06:37.910Z] > git cat-file -s 57f9299c7c46c1620ce5e52b0f8ba8b2eecdc723 [2ms]
[2023-01-23T22:07:11.054Z] > git log --format=%H%n%aN%n%aE%n%at%n%ct%n%P%n%B -z -n21 -- /home/henrique/Programing/Personal/Git/fork/hugo-starter-netlify-cms/content/about/index.md [5ms]
[2023-01-23T22:07:11.223Z] > git show --textconv :content/about/index.md [9ms]
[2023-01-23T22:07:11.224Z] > git ls-files --stage -- /home/henrique/Programing/Personal/Git/fork/hugo-starter-netlify-cms/content/about/index.md [2ms]
[2023-01-23T22:07:11.231Z] > git cat-file -s a778833aa17c9967d26dc1f2d145bba4e92dfd1c [1ms]
