[2023-01-27 20:20:31.375] [renderer3] [warning] Via 'product.json#extensionEnabledApiProposals' extension 'ms-vsliveshare.vsliveshare' wants API proposal 'notebookDocumentEvents' but that proposal DOES NOT EXIST. Likely, the proposal has been finalized (check 'vscode.d.ts') or was abandoned.
[2023-01-27 20:20:31.402] [renderer3] [warning] Via 'product.json#extensionEnabledApiProposals' extension 'ms-dotnettools.dotnet-interactive-vscode' wants API proposal 'notebookConcatTextDocument' but that proposal DOES NOT EXIST. Likely, the proposal has been finalized (check 'vscode.d.ts') or was abandoned.
[2023-01-27 20:20:31.402] [renderer3] [warning] Via 'product.json#extensionEnabledApiProposals' extension 'ms-python.vscode-pylance' wants API proposal 'notebookDocumentEvents' but that proposal DOES NOT EXIST. Likely, the proposal has been finalized (check 'vscode.d.ts') or was abandoned.
[2023-01-27 20:20:31.403] [renderer3] [warning] Via 'product.json#extensionEnabledApiProposals' extension 'ms-toolsai.jupyter' wants API proposal 'notebookConcatTextDocument' but that proposal DOES NOT EXIST. Likely, the proposal has been finalized (check 'vscode.d.ts') or was abandoned.
[2023-01-27 20:20:31.403] [renderer3] [warning] Via 'product.json#extensionEnabledApiProposals' extension 'ms-toolsai.jupyter' wants API proposal 'notebookDocumentEvents' but that proposal DOES NOT EXIST. Likely, the proposal has been finalized (check 'vscode.d.ts') or was abandoned.
[2023-01-27 20:20:31.403] [renderer3] [warning] Via 'product.json#extensionEnabledApiProposals' extension 'dbaeumer.vscode-eslint' wants API proposal 'tabs' but that proposal DOES NOT EXIST. Likely, the proposal has been finalized (check 'vscode.d.ts') or was abandoned.
[2023-01-27 20:20:31.404] [renderer3] [warning] Via 'product.json#extensionEnabledApiProposals' extension 'dbaeumer.vscode-eslint' wants API proposal 'notebookDocumentEvents' but that proposal DOES NOT EXIST. Likely, the proposal has been finalized (check 'vscode.d.ts') or was abandoned.
[2023-01-27 20:20:32.258] [renderer3] [warning] [Vue.volar]: Cannot register 'typescript.tsdk'. This property is already registered.
[2023-01-27 20:20:34.496] [renderer3] [error] Cannot read properties of undefined (reading 'installAndRestartMessage'): TypeError: Cannot read properties of undefined (reading 'installAndRestartMessage')
    at vscode-file://vscode-app/usr/share/mrcode/resources/app/out/vs/workbench/workbench.desktop.main.js:1976:59163
[2023-01-27 20:21:00.719] [renderer3] [warning] Via 'product.json#extensionEnabledApiProposals' extension 'ms-vsliveshare.vsliveshare' wants API proposal 'notebookDocumentEvents' but that proposal DOES NOT EXIST. Likely, the proposal has been finalized (check 'vscode.d.ts') or was abandoned.
[2023-01-27 20:21:00.746] [renderer3] [warning] Via 'product.json#extensionEnabledApiProposals' extension 'ms-dotnettools.dotnet-interactive-vscode' wants API proposal 'notebookConcatTextDocument' but that proposal DOES NOT EXIST. Likely, the proposal has been finalized (check 'vscode.d.ts') or was abandoned.
[2023-01-27 20:21:00.746] [renderer3] [warning] Via 'product.json#extensionEnabledApiProposals' extension 'ms-python.vscode-pylance' wants API proposal 'notebookDocumentEvents' but that proposal DOES NOT EXIST. Likely, the proposal has been finalized (check 'vscode.d.ts') or was abandoned.
[2023-01-27 20:21:00.746] [renderer3] [warning] Via 'product.json#extensionEnabledApiProposals' extension 'ms-toolsai.jupyter' wants API proposal 'notebookConcatTextDocument' but that proposal DOES NOT EXIST. Likely, the proposal has been finalized (check 'vscode.d.ts') or was abandoned.
[2023-01-27 20:21:00.746] [renderer3] [warning] Via 'product.json#extensionEnabledApiProposals' extension 'ms-toolsai.jupyter' wants API proposal 'notebookDocumentEvents' but that proposal DOES NOT EXIST. Likely, the proposal has been finalized (check 'vscode.d.ts') or was abandoned.
[2023-01-27 20:21:00.747] [renderer3] [warning] Via 'product.json#extensionEnabledApiProposals' extension 'dbaeumer.vscode-eslint' wants API proposal 'tabs' but that proposal DOES NOT EXIST. Likely, the proposal has been finalized (check 'vscode.d.ts') or was abandoned.
[2023-01-27 20:21:00.747] [renderer3] [warning] Via 'product.json#extensionEnabledApiProposals' extension 'dbaeumer.vscode-eslint' wants API proposal 'notebookDocumentEvents' but that proposal DOES NOT EXIST. Likely, the proposal has been finalized (check 'vscode.d.ts') or was abandoned.
[2023-01-27 20:21:01.288] [renderer3] [warning] [Vue.volar]: Cannot register 'typescript.tsdk'. This property is already registered.
[2023-01-27 20:21:03.861] [renderer3] [error] Cannot read properties of undefined (reading 'installAndRestartMessage'): TypeError: Cannot read properties of undefined (reading 'installAndRestartMessage')
    at vscode-file://vscode-app/usr/share/mrcode/resources/app/out/vs/workbench/workbench.desktop.main.js:1976:59163
